2025-08-224 09:11 o.h.validator.internal.util.Version-HV000001: Hibernate Validator 8.0.2.Final
2025-08-224 09:11 c.b.o.OrdersystemApplication-Starting OrdersystemApplication using Java 17.0.15 with PID 9092 (C:\Users\Playdata\Desktop\ordersystem\build\classes\java\main started by Playdata in C:\Users\Playdata\Desktop\ordersystem)
2025-08-224 09:11 c.b.o.OrdersystemApplication-The following 1 profile is active: "prod"
2025-08-224 09:11 o.s.d.r.c.RepositoryConfigurationDelegate-Multiple Spring Data modules found, entering strict repository configuration mode
2025-08-224 09:11 o.s.d.r.c.RepositoryConfigurationDelegate-Bootstrapping Spring Data JPA repositories in DEFAULT mode.
2025-08-224 09:11 o.s.d.r.c.RepositoryConfigurationDelegate-Finished Spring Data repository scanning in 317 ms. Found 4 JPA repository interfaces.
2025-08-224 09:11 o.s.d.r.c.RepositoryConfigurationDelegate-Multiple Spring Data modules found, entering strict repository configuration mode
2025-08-224 09:11 o.s.d.r.c.RepositoryConfigurationDelegate-Bootstrapping Spring Data Redis repositories in DEFAULT mode.
2025-08-224 09:11 o.s.d.r.c.RepositoryConfigurationExtensionSupport-Spring Data Redis - Could not safely identify store assignment for repository candidate interface com.beyond.ordersystem.member.repository.MemberRepository; If you want this repository to be a Redis repository, consider annotating your entities with one of these annotations: org.springframework.data.redis.core.RedisHash (preferred), or consider extending one of the following types with your repository: org.springframework.data.keyvalue.repository.KeyValueRepository
2025-08-224 09:11 o.s.d.r.c.RepositoryConfigurationExtensionSupport-Spring Data Redis - Could not safely identify store assignment for repository candidate interface com.beyond.ordersystem.ordering.repository.OrderDetailRepository; If you want this repository to be a Redis repository, consider annotating your entities with one of these annotations: org.springframework.data.redis.core.RedisHash (preferred), or consider extending one of the following types with your repository: org.springframework.data.keyvalue.repository.KeyValueRepository
2025-08-224 09:11 o.s.d.r.c.RepositoryConfigurationExtensionSupport-Spring Data Redis - Could not safely identify store assignment for repository candidate interface com.beyond.ordersystem.ordering.repository.OrderingRepository; If you want this repository to be a Redis repository, consider annotating your entities with one of these annotations: org.springframework.data.redis.core.RedisHash (preferred), or consider extending one of the following types with your repository: org.springframework.data.keyvalue.repository.KeyValueRepository
2025-08-224 09:11 o.s.d.r.c.RepositoryConfigurationExtensionSupport-Spring Data Redis - Could not safely identify store assignment for repository candidate interface com.beyond.ordersystem.product.repository.ProductRepository; If you want this repository to be a Redis repository, consider annotating your entities with one of these annotations: org.springframework.data.redis.core.RedisHash (preferred), or consider extending one of the following types with your repository: org.springframework.data.keyvalue.repository.KeyValueRepository
2025-08-224 09:11 o.s.d.r.c.RepositoryConfigurationDelegate-Finished Spring Data repository scanning in 12 ms. Found 0 Redis repository interfaces.
2025-08-224 09:11 o.m.s.mapper.ClassPathMapperScanner-No MyBatis mapper was found in '[com.beyond.ordersystem]' package. Please check your configuration.
2025-08-224 09:11 o.s.b.w.e.tomcat.TomcatWebServer-Tomcat initialized with port 8080 (http)
2025-08-224 09:11 o.a.coyote.http11.Http11NioProtocol-Initializing ProtocolHandler ["http-nio-8080"]
2025-08-224 09:11 o.a.catalina.core.StandardService-Starting service [Tomcat]
2025-08-224 09:11 o.a.catalina.core.StandardEngine-Starting Servlet engine: [Apache Tomcat/10.1.43]
2025-08-224 09:11 o.a.c.c.C.[Tomcat].[localhost].[/]-Initializing Spring embedded WebApplicationContext
2025-08-224 09:11 o.s.b.w.s.c.ServletWebServerApplicationContext-Root WebApplicationContext: initialization completed in 3227 ms
2025-08-224 09:11 o.h.jpa.internal.util.LogHelper-HHH000204: Processing PersistenceUnitInfo [name: default]
2025-08-224 09:11 org.hibernate.Version-HHH000412: Hibernate ORM core version 6.6.22.Final
2025-08-224 09:11 o.h.c.i.RegionFactoryInitiator-HHH000026: Second-level cache disabled
2025-08-224 09:11 o.s.o.j.p.SpringPersistenceUnitInfo-No LoadTimeWeaver setup: ignoring JPA class transformer
2025-08-224 09:11 com.zaxxer.hikari.HikariDataSource-HikariPool-1 - Starting...
2025-08-224 09:11 com.zaxxer.hikari.pool.HikariPool-HikariPool-1 - Added connection org.mariadb.jdbc.Connection@b787274
2025-08-224 09:11 com.zaxxer.hikari.HikariDataSource-HikariPool-1 - Start completed.
2025-08-224 09:11 org.hibernate.orm.deprecation-HHH90000025: MariaDBDialect does not need to be specified explicitly using 'hibernate.dialect' (remove the property setting and it will be selected by default)
2025-08-224 09:11 o.hibernate.orm.connections.pooling-HHH10001005: Database info:
	Database JDBC URL [Connecting through datasource 'HikariDataSource (HikariPool-1)']
	Database driver: undefined/unknown
	Database version: 11.8.2
	Autocommit mode: undefined/unknown
	Isolation level: undefined/unknown
	Minimum pool size: undefined/unknown
	Maximum pool size: undefined/unknown
2025-08-224 09:11 o.h.e.t.j.p.i.JtaPlatformInitiator-HHH000489: No JTA platform available (set 'hibernate.transaction.jta.platform' to enable JTA platform integration)
2025-08-224 09:11 o.s.o.j.LocalContainerEntityManagerFactoryBean-Initialized JPA EntityManagerFactory for persistence unit 'default'
2025-08-224 09:11 o.s.b.a.o.j.JpaBaseConfiguration$JpaWebConfiguration-spring.jpa.open-in-view is enabled by default. Therefore, database queries may be performed during view rendering. Explicitly configure spring.jpa.open-in-view to disable this warning
2025-08-224 09:11 o.s.b.a.s.s.UserDetailsServiceAutoConfiguration-

Using generated security password: f71c044f-0f1c-435d-9765-3d103cb0b11f

This generated password is for development use only. Your security configuration must be updated before running your application in production.

2025-08-224 09:11 o.s.s.c.a.a.c.InitializeUserDetailsBeanManagerConfigurer$InitializeUserDetailsManagerConfigurer-Global AuthenticationManager configured with UserDetailsService bean with name inMemoryUserDetailsManager
2025-08-224 09:11 o.s.s.c.a.w.c.AuthorizeHttpRequestsConfigurer$AuthorizationManagerRequestMatcherRegistry-One of the patterns in [/member/create, member/doLogin, /member/refresh-at, /product/list, /v3/api-docs/**, /swagger-ui/**, /swagger-ui.html] is missing a leading slash. This is discouraged; please include the leading slash in all your request matcher patterns. In future versions of Spring Security, leaving out the leading slash will result in an exception.
2025-08-224 09:11 o.a.coyote.http11.Http11NioProtocol-Starting ProtocolHandler ["http-nio-8080"]
2025-08-224 09:11 o.s.b.w.e.tomcat.TomcatWebServer-Tomcat started on port 8080 (http) with context path '/'
2025-08-224 09:11 o.s.b.w.e.tomcat.GracefulShutdown-Commencing graceful shutdown. Waiting for active requests to complete
2025-08-224 09:11 o.a.coyote.http11.Http11NioProtocol-Pausing ProtocolHandler ["http-nio-8080"]
2025-08-224 09:11 o.s.b.w.e.tomcat.GracefulShutdown-Graceful shutdown complete
2025-08-224 09:11 o.a.coyote.http11.Http11NioProtocol-Stopping ProtocolHandler ["http-nio-8080"]
2025-08-224 09:11 o.s.b.w.s.c.AnnotationConfigServletWebServerApplicationContext-Exception encountered during context initialization - cancelling refresh attempt: org.springframework.context.ApplicationContextException: Failed to start bean 'redisMessageListenerContainer'
2025-08-224 09:11 o.s.o.j.LocalContainerEntityManagerFactoryBean-Closing JPA EntityManagerFactory for persistence unit 'default'
2025-08-224 09:11 com.zaxxer.hikari.HikariDataSource-HikariPool-1 - Shutdown initiated...
2025-08-224 09:11 com.zaxxer.hikari.HikariDataSource-HikariPool-1 - Shutdown completed.
2025-08-224 09:11 o.s.b.a.l.ConditionEvaluationReportLogger-

Error starting ApplicationContext. To display the condition evaluation report re-run your application with 'debug' enabled.
2025-08-224 09:11 o.s.boot.SpringApplication-Application run failed
org.springframework.context.ApplicationContextException: Failed to start bean 'redisMessageListenerContainer'
	at org.springframework.context.support.DefaultLifecycleProcessor.doStart(DefaultLifecycleProcessor.java:408)
	at org.springframework.context.support.DefaultLifecycleProcessor.doStart(DefaultLifecycleProcessor.java:394)
	at org.springframework.context.support.DefaultLifecycleProcessor$LifecycleGroup.start(DefaultLifecycleProcessor.java:586)
	at java.base/java.lang.Iterable.forEach(Iterable.java:75)
	at org.springframework.context.support.DefaultLifecycleProcessor.startBeans(DefaultLifecycleProcessor.java:364)
	at org.springframework.context.support.DefaultLifecycleProcessor.onRefresh(DefaultLifecycleProcessor.java:310)
	at org.springframework.context.support.AbstractApplicationContext.finishRefresh(AbstractApplicationContext.java:1006)
	at org.springframework.context.support.AbstractApplicationContext.refresh(AbstractApplicationContext.java:630)
	at org.springframework.boot.web.servlet.context.ServletWebServerApplicationContext.refresh(ServletWebServerApplicationContext.java:146)
	at org.springframework.boot.SpringApplication.refresh(SpringApplication.java:752)
	at org.springframework.boot.SpringApplication.refreshContext(SpringApplication.java:439)
	at org.springframework.boot.SpringApplication.run(SpringApplication.java:318)
	at org.springframework.boot.SpringApplication.run(SpringApplication.java:1361)
	at org.springframework.boot.SpringApplication.run(SpringApplication.java:1350)
	at com.beyond.ordersystem.OrdersystemApplication.main(OrdersystemApplication.java:10)
Caused by: org.springframework.data.redis.listener.adapter.RedisListenerExecutionFailedException: org.springframework.data.redis.RedisConnectionFailureException: Unable to connect to Redis
	at org.springframework.data.redis.listener.RedisMessageListenerContainer.lazyListen(RedisMessageListenerContainer.java:383)
	at org.springframework.data.redis.listener.RedisMessageListenerContainer.start(RedisMessageListenerContainer.java:361)
	at org.springframework.context.support.DefaultLifecycleProcessor.doStart(DefaultLifecycleProcessor.java:405)
	... 14 common frames omitted
Caused by: org.springframework.data.redis.RedisConnectionFailureException: Unable to connect to Redis
	at org.springframework.data.redis.connection.lettuce.LettuceConnectionFactory$ExceptionTranslatingConnectionProvider.translateException(LettuceConnectionFactory.java:1858)
	at org.springframework.data.redis.connection.lettuce.LettuceConnectionFactory$ExceptionTranslatingConnectionProvider.getConnection(LettuceConnectionFactory.java:1789)
	at org.springframework.data.redis.connection.lettuce.LettuceConnectionFactory$SharedConnection.getNativeConnection(LettuceConnectionFactory.java:1586)
	at org.springframework.data.redis.connection.lettuce.LettuceConnectionFactory$SharedConnection.lambda$getConnection$0(LettuceConnectionFactory.java:1566)
	at org.springframework.data.redis.connection.lettuce.LettuceConnectionFactory.doInLock(LettuceConnectionFactory.java:1527)
	at org.springframework.data.redis.connection.lettuce.LettuceConnectionFactory$SharedConnection.getConnection(LettuceConnectionFactory.java:1563)
	at org.springframework.data.redis.connection.lettuce.LettuceConnectionFactory.getSharedConnection(LettuceConnectionFactory.java:1249)
	at org.springframework.data.redis.connection.lettuce.LettuceConnectionFactory.getConnection(LettuceConnectionFactory.java:1055)
	at org.springframework.data.redis.listener.RedisMessageListenerContainer$Subscriber.lambda$initialize$0(RedisMessageListenerContainer.java:1241)
	at org.springframework.data.redis.listener.RedisMessageListenerContainer$Subscriber.doInLock(RedisMessageListenerContainer.java:1455)
	at org.springframework.data.redis.listener.RedisMessageListenerContainer$Subscriber.initialize(RedisMessageListenerContainer.java:1235)
	at org.springframework.data.redis.listener.RedisMessageListenerContainer.doSubscribe(RedisMessageListenerContainer.java:428)
	at org.springframework.data.redis.listener.RedisMessageListenerContainer.lazyListen(RedisMessageListenerContainer.java:404)
	at org.springframework.data.redis.listener.RedisMessageListenerContainer.lazyListen(RedisMessageListenerContainer.java:374)
	... 16 common frames omitted
Caused by: io.lettuce.core.RedisConnectionException: Unable to connect to localhost/<unresolved>:6379
	at io.lettuce.core.RedisConnectionException.create(RedisConnectionException.java:63)
	at io.lettuce.core.RedisConnectionException.create(RedisConnectionException.java:41)
	at io.lettuce.core.AbstractRedisClient.getConnection(AbstractRedisClient.java:354)
	at io.lettuce.core.RedisClient.connect(RedisClient.java:219)
	at org.springframework.data.redis.connection.lettuce.StandaloneConnectionProvider.lambda$getConnection$1(StandaloneConnectionProvider.java:112)
	at java.base/java.util.Optional.orElseGet(Optional.java:364)
	at org.springframework.data.redis.connection.lettuce.StandaloneConnectionProvider.getConnection(StandaloneConnectionProvider.java:112)
	at org.springframework.data.redis.connection.lettuce.LettuceConnectionFactory$ExceptionTranslatingConnectionProvider.getConnection(LettuceConnectionFactory.java:1787)
	... 28 common frames omitted
Caused by: io.netty.channel.AbstractChannel$AnnotatedConnectException: Connection refused: getsockopt: localhost/127.0.0.1:6379
Caused by: java.net.ConnectException: Connection refused: getsockopt
	at java.base/sun.nio.ch.Net.pollConnect(Native Method)
	at java.base/sun.nio.ch.Net.pollConnectNow(Net.java:672)
	at java.base/sun.nio.ch.SocketChannelImpl.finishConnect(SocketChannelImpl.java:946)
	at io.netty.channel.socket.nio.NioSocketChannel.doFinishConnect(NioSocketChannel.java:336)
	at io.netty.channel.nio.AbstractNioChannel$AbstractNioUnsafe.finishConnect(AbstractNioChannel.java:339)
	at io.netty.channel.nio.NioEventLoop.processSelectedKey(NioEventLoop.java:784)
	at io.netty.channel.nio.NioEventLoop.processSelectedKeysOptimized(NioEventLoop.java:732)
	at io.netty.channel.nio.NioEventLoop.processSelectedKeys(NioEventLoop.java:658)
	at io.netty.channel.nio.NioEventLoop.run(NioEventLoop.java:562)
	at io.netty.util.concurrent.SingleThreadEventExecutor$4.run(SingleThreadEventExecutor.java:998)
	at io.netty.util.internal.ThreadExecutorMap$2.run(ThreadExecutorMap.java:74)
	at io.netty.util.concurrent.FastThreadLocalRunnable.run(FastThreadLocalRunnable.java:30)
	at java.base/java.lang.Thread.run(Thread.java:840)
2025-08-224 09:12 o.h.validator.internal.util.Version-HV000001: Hibernate Validator 8.0.2.Final
2025-08-224 09:12 c.b.o.OrdersystemApplication-Starting OrdersystemApplication using Java 17.0.15 with PID 14776 (C:\Users\Playdata\Desktop\ordersystem\build\classes\java\main started by Playdata in C:\Users\Playdata\Desktop\ordersystem)
2025-08-224 09:12 c.b.o.OrdersystemApplication-The following 1 profile is active: "prod"
2025-08-224 09:12 o.s.d.r.c.RepositoryConfigurationDelegate-Multiple Spring Data modules found, entering strict repository configuration mode
2025-08-224 09:12 o.s.d.r.c.RepositoryConfigurationDelegate-Bootstrapping Spring Data JPA repositories in DEFAULT mode.
2025-08-224 09:12 o.s.d.r.c.RepositoryConfigurationDelegate-Finished Spring Data repository scanning in 317 ms. Found 4 JPA repository interfaces.
2025-08-224 09:12 o.s.d.r.c.RepositoryConfigurationDelegate-Multiple Spring Data modules found, entering strict repository configuration mode
2025-08-224 09:12 o.s.d.r.c.RepositoryConfigurationDelegate-Bootstrapping Spring Data Redis repositories in DEFAULT mode.
2025-08-224 09:12 o.s.d.r.c.RepositoryConfigurationExtensionSupport-Spring Data Redis - Could not safely identify store assignment for repository candidate interface com.beyond.ordersystem.member.repository.MemberRepository; If you want this repository to be a Redis repository, consider annotating your entities with one of these annotations: org.springframework.data.redis.core.RedisHash (preferred), or consider extending one of the following types with your repository: org.springframework.data.keyvalue.repository.KeyValueRepository
2025-08-224 09:12 o.s.d.r.c.RepositoryConfigurationExtensionSupport-Spring Data Redis - Could not safely identify store assignment for repository candidate interface com.beyond.ordersystem.ordering.repository.OrderDetailRepository; If you want this repository to be a Redis repository, consider annotating your entities with one of these annotations: org.springframework.data.redis.core.RedisHash (preferred), or consider extending one of the following types with your repository: org.springframework.data.keyvalue.repository.KeyValueRepository
2025-08-224 09:12 o.s.d.r.c.RepositoryConfigurationExtensionSupport-Spring Data Redis - Could not safely identify store assignment for repository candidate interface com.beyond.ordersystem.ordering.repository.OrderingRepository; If you want this repository to be a Redis repository, consider annotating your entities with one of these annotations: org.springframework.data.redis.core.RedisHash (preferred), or consider extending one of the following types with your repository: org.springframework.data.keyvalue.repository.KeyValueRepository
2025-08-224 09:12 o.s.d.r.c.RepositoryConfigurationExtensionSupport-Spring Data Redis - Could not safely identify store assignment for repository candidate interface com.beyond.ordersystem.product.repository.ProductRepository; If you want this repository to be a Redis repository, consider annotating your entities with one of these annotations: org.springframework.data.redis.core.RedisHash (preferred), or consider extending one of the following types with your repository: org.springframework.data.keyvalue.repository.KeyValueRepository
2025-08-224 09:12 o.s.d.r.c.RepositoryConfigurationDelegate-Finished Spring Data repository scanning in 17 ms. Found 0 Redis repository interfaces.
2025-08-224 09:12 o.m.s.mapper.ClassPathMapperScanner-No MyBatis mapper was found in '[com.beyond.ordersystem]' package. Please check your configuration.
2025-08-224 09:12 o.s.b.w.e.tomcat.TomcatWebServer-Tomcat initialized with port 8080 (http)
2025-08-224 09:12 o.a.coyote.http11.Http11NioProtocol-Initializing ProtocolHandler ["http-nio-8080"]
2025-08-224 09:12 o.a.catalina.core.StandardService-Starting service [Tomcat]
2025-08-224 09:12 o.a.catalina.core.StandardEngine-Starting Servlet engine: [Apache Tomcat/10.1.43]
2025-08-224 09:12 o.a.c.c.C.[Tomcat].[localhost].[/]-Initializing Spring embedded WebApplicationContext
2025-08-224 09:12 o.s.b.w.s.c.ServletWebServerApplicationContext-Root WebApplicationContext: initialization completed in 3418 ms
2025-08-224 09:12 o.h.jpa.internal.util.LogHelper-HHH000204: Processing PersistenceUnitInfo [name: default]
2025-08-224 09:12 org.hibernate.Version-HHH000412: Hibernate ORM core version 6.6.22.Final
2025-08-224 09:12 o.h.c.i.RegionFactoryInitiator-HHH000026: Second-level cache disabled
2025-08-224 09:12 o.s.o.j.p.SpringPersistenceUnitInfo-No LoadTimeWeaver setup: ignoring JPA class transformer
2025-08-224 09:12 com.zaxxer.hikari.HikariDataSource-HikariPool-1 - Starting...
2025-08-224 09:12 com.zaxxer.hikari.pool.HikariPool-HikariPool-1 - Added connection org.mariadb.jdbc.Connection@6abd8bcd
2025-08-224 09:12 com.zaxxer.hikari.HikariDataSource-HikariPool-1 - Start completed.
2025-08-224 09:12 org.hibernate.orm.deprecation-HHH90000025: MariaDBDialect does not need to be specified explicitly using 'hibernate.dialect' (remove the property setting and it will be selected by default)
2025-08-224 09:12 o.hibernate.orm.connections.pooling-HHH10001005: Database info:
	Database JDBC URL [Connecting through datasource 'HikariDataSource (HikariPool-1)']
	Database driver: undefined/unknown
	Database version: 11.8.2
	Autocommit mode: undefined/unknown
	Isolation level: undefined/unknown
	Minimum pool size: undefined/unknown
	Maximum pool size: undefined/unknown
2025-08-224 09:12 o.h.e.t.j.p.i.JtaPlatformInitiator-HHH000489: No JTA platform available (set 'hibernate.transaction.jta.platform' to enable JTA platform integration)
2025-08-224 09:12 o.s.o.j.LocalContainerEntityManagerFactoryBean-Initialized JPA EntityManagerFactory for persistence unit 'default'
2025-08-224 09:12 o.s.b.a.o.j.JpaBaseConfiguration$JpaWebConfiguration-spring.jpa.open-in-view is enabled by default. Therefore, database queries may be performed during view rendering. Explicitly configure spring.jpa.open-in-view to disable this warning
2025-08-224 09:12 o.s.b.a.s.s.UserDetailsServiceAutoConfiguration-

Using generated security password: fae91eb4-77b1-46f7-a41c-bb1f948992e6

This generated password is for development use only. Your security configuration must be updated before running your application in production.

2025-08-224 09:12 o.s.s.c.a.a.c.InitializeUserDetailsBeanManagerConfigurer$InitializeUserDetailsManagerConfigurer-Global AuthenticationManager configured with UserDetailsService bean with name inMemoryUserDetailsManager
2025-08-224 09:12 o.s.s.c.a.w.c.AuthorizeHttpRequestsConfigurer$AuthorizationManagerRequestMatcherRegistry-One of the patterns in [/member/create, member/doLogin, /member/refresh-at, /product/list, /v3/api-docs/**, /swagger-ui/**, /swagger-ui.html] is missing a leading slash. This is discouraged; please include the leading slash in all your request matcher patterns. In future versions of Spring Security, leaving out the leading slash will result in an exception.
2025-08-224 09:12 o.a.coyote.http11.Http11NioProtocol-Starting ProtocolHandler ["http-nio-8080"]
2025-08-224 09:12 o.s.b.w.e.tomcat.TomcatWebServer-Tomcat started on port 8080 (http) with context path '/'
2025-08-224 09:12 o.s.a.r.c.CachingConnectionFactory-Attempting to connect to: localhost:5672
2025-08-224 09:12 o.s.a.r.c.CachingConnectionFactory-Created new connection: connectionFactory#358bbbe2:0/SimpleConnection@b0dc426 [delegate=amqp://guest@127.0.0.1:5672/, localPort=52502]
2025-08-224 09:12 c.b.o.OrdersystemApplication-Started OrdersystemApplication in 12.686 seconds (process running for 14.405)
2025-08-224 09:12 o.a.c.c.C.[Tomcat].[localhost].[/]-Initializing Spring DispatcherServlet 'dispatcherServlet'
2025-08-224 09:12 o.s.web.servlet.DispatcherServlet-Initializing Servlet 'dispatcherServlet'
2025-08-224 09:12 o.s.web.servlet.DispatcherServlet-Completed initialization in 3 ms
2025-08-224 09:33 o.s.d.w.c.SpringDataJacksonConfiguration$PageModule$WarningLoggingModifier-Serializing PageImpl instances as-is is not supported, meaning that there is no guarantee about the stability of the resulting JSON structure!
	For a stable JSON structure, please use Spring Data's PagedModel (globally via @EnableSpringDataWebSupport(pageSerializationMode = VIA_DTO))
	or Spring HATEOAS and Spring Data's PagedResourcesAssembler as documented in https://docs.spring.io/spring-data/commons/reference/repositories/core-extensions.html#core.web.pageables.

2025-08-224 09:44 o.s.a.r.l.SimpleMessageListenerContainer-Waiting for workers to finish.
2025-08-224 09:44 o.s.a.r.l.SimpleMessageListenerContainer-Successfully waited for workers to finish.
2025-08-224 09:44 o.s.b.w.e.tomcat.GracefulShutdown-Commencing graceful shutdown. Waiting for active requests to complete
2025-08-224 09:44 o.s.b.w.e.tomcat.GracefulShutdown-Graceful shutdown complete
2025-08-224 09:44 o.s.o.j.LocalContainerEntityManagerFactoryBean-Closing JPA EntityManagerFactory for persistence unit 'default'
2025-08-224 09:44 com.zaxxer.hikari.HikariDataSource-HikariPool-1 - Shutdown initiated...
2025-08-224 09:44 com.zaxxer.hikari.HikariDataSource-HikariPool-1 - Shutdown completed.
2025-08-224 09:44 o.h.validator.internal.util.Version-HV000001: Hibernate Validator 8.0.2.Final
2025-08-224 09:44 c.b.o.OrdersystemApplication-Starting OrdersystemApplication using Java 17.0.15 with PID 22172 (C:\Users\Playdata\Desktop\ordersystem\build\classes\java\main started by Playdata in C:\Users\Playdata\Desktop\ordersystem)
2025-08-224 09:44 c.b.o.OrdersystemApplication-The following 1 profile is active: "prod"
2025-08-224 09:44 o.s.d.r.c.RepositoryConfigurationDelegate-Multiple Spring Data modules found, entering strict repository configuration mode
2025-08-224 09:44 o.s.d.r.c.RepositoryConfigurationDelegate-Bootstrapping Spring Data JPA repositories in DEFAULT mode.
2025-08-224 09:44 o.s.d.r.c.RepositoryConfigurationDelegate-Finished Spring Data repository scanning in 130 ms. Found 4 JPA repository interfaces.
2025-08-224 09:44 o.s.d.r.c.RepositoryConfigurationDelegate-Multiple Spring Data modules found, entering strict repository configuration mode
2025-08-224 09:44 o.s.d.r.c.RepositoryConfigurationDelegate-Bootstrapping Spring Data Redis repositories in DEFAULT mode.
2025-08-224 09:44 o.s.d.r.c.RepositoryConfigurationExtensionSupport-Spring Data Redis - Could not safely identify store assignment for repository candidate interface com.beyond.ordersystem.member.repository.MemberRepository; If you want this repository to be a Redis repository, consider annotating your entities with one of these annotations: org.springframework.data.redis.core.RedisHash (preferred), or consider extending one of the following types with your repository: org.springframework.data.keyvalue.repository.KeyValueRepository
2025-08-224 09:44 o.s.d.r.c.RepositoryConfigurationExtensionSupport-Spring Data Redis - Could not safely identify store assignment for repository candidate interface com.beyond.ordersystem.ordering.repository.OrderDetailRepository; If you want this repository to be a Redis repository, consider annotating your entities with one of these annotations: org.springframework.data.redis.core.RedisHash (preferred), or consider extending one of the following types with your repository: org.springframework.data.keyvalue.repository.KeyValueRepository
2025-08-224 09:44 o.s.d.r.c.RepositoryConfigurationExtensionSupport-Spring Data Redis - Could not safely identify store assignment for repository candidate interface com.beyond.ordersystem.ordering.repository.OrderingRepository; If you want this repository to be a Redis repository, consider annotating your entities with one of these annotations: org.springframework.data.redis.core.RedisHash (preferred), or consider extending one of the following types with your repository: org.springframework.data.keyvalue.repository.KeyValueRepository
2025-08-224 09:44 o.s.d.r.c.RepositoryConfigurationExtensionSupport-Spring Data Redis - Could not safely identify store assignment for repository candidate interface com.beyond.ordersystem.product.repository.ProductRepository; If you want this repository to be a Redis repository, consider annotating your entities with one of these annotations: org.springframework.data.redis.core.RedisHash (preferred), or consider extending one of the following types with your repository: org.springframework.data.keyvalue.repository.KeyValueRepository
2025-08-224 09:44 o.s.d.r.c.RepositoryConfigurationDelegate-Finished Spring Data repository scanning in 8 ms. Found 0 Redis repository interfaces.
2025-08-224 09:44 o.m.s.mapper.ClassPathMapperScanner-No MyBatis mapper was found in '[com.beyond.ordersystem]' package. Please check your configuration.
2025-08-224 09:44 o.s.b.w.e.tomcat.TomcatWebServer-Tomcat initialized with port 8080 (http)
2025-08-224 09:44 o.a.coyote.http11.Http11NioProtocol-Initializing ProtocolHandler ["http-nio-8080"]
2025-08-224 09:44 o.a.catalina.core.StandardService-Starting service [Tomcat]
2025-08-224 09:44 o.a.catalina.core.StandardEngine-Starting Servlet engine: [Apache Tomcat/10.1.43]
2025-08-224 09:44 o.a.c.c.C.[Tomcat].[localhost].[/]-Initializing Spring embedded WebApplicationContext
2025-08-224 09:44 o.s.b.w.s.c.ServletWebServerApplicationContext-Root WebApplicationContext: initialization completed in 1937 ms
2025-08-224 09:44 o.h.jpa.internal.util.LogHelper-HHH000204: Processing PersistenceUnitInfo [name: default]
2025-08-224 09:44 org.hibernate.Version-HHH000412: Hibernate ORM core version 6.6.22.Final
2025-08-224 09:44 o.h.c.i.RegionFactoryInitiator-HHH000026: Second-level cache disabled
2025-08-224 09:44 o.s.o.j.p.SpringPersistenceUnitInfo-No LoadTimeWeaver setup: ignoring JPA class transformer
2025-08-224 09:44 com.zaxxer.hikari.HikariDataSource-HikariPool-1 - Starting...
2025-08-224 09:44 com.zaxxer.hikari.pool.HikariPool-HikariPool-1 - Added connection org.mariadb.jdbc.Connection@33e4068
2025-08-224 09:44 com.zaxxer.hikari.HikariDataSource-HikariPool-1 - Start completed.
2025-08-224 09:44 org.hibernate.orm.deprecation-HHH90000025: MariaDBDialect does not need to be specified explicitly using 'hibernate.dialect' (remove the property setting and it will be selected by default)
2025-08-224 09:44 o.hibernate.orm.connections.pooling-HHH10001005: Database info:
	Database JDBC URL [Connecting through datasource 'HikariDataSource (HikariPool-1)']
	Database driver: undefined/unknown
	Database version: 11.8.2
	Autocommit mode: undefined/unknown
	Isolation level: undefined/unknown
	Minimum pool size: undefined/unknown
	Maximum pool size: undefined/unknown
2025-08-224 09:44 o.h.e.t.j.p.i.JtaPlatformInitiator-HHH000489: No JTA platform available (set 'hibernate.transaction.jta.platform' to enable JTA platform integration)
2025-08-224 09:44 o.s.o.j.LocalContainerEntityManagerFactoryBean-Initialized JPA EntityManagerFactory for persistence unit 'default'
2025-08-224 09:44 o.s.b.a.o.j.JpaBaseConfiguration$JpaWebConfiguration-spring.jpa.open-in-view is enabled by default. Therefore, database queries may be performed during view rendering. Explicitly configure spring.jpa.open-in-view to disable this warning
2025-08-224 09:44 o.s.b.a.s.s.UserDetailsServiceAutoConfiguration-

Using generated security password: 28ec77d7-d476-4f1c-aded-419e366ee4f7

This generated password is for development use only. Your security configuration must be updated before running your application in production.

2025-08-224 09:44 o.s.s.c.a.a.c.InitializeUserDetailsBeanManagerConfigurer$InitializeUserDetailsManagerConfigurer-Global AuthenticationManager configured with UserDetailsService bean with name inMemoryUserDetailsManager
2025-08-224 09:44 o.s.s.c.a.w.c.AuthorizeHttpRequestsConfigurer$AuthorizationManagerRequestMatcherRegistry-One of the patterns in [/member/create, member/doLogin, /member/refresh-at, /product/list, /v3/api-docs/**, /swagger-ui/**, /swagger-ui.html] is missing a leading slash. This is discouraged; please include the leading slash in all your request matcher patterns. In future versions of Spring Security, leaving out the leading slash will result in an exception.
2025-08-224 09:44 o.a.coyote.http11.Http11NioProtocol-Starting ProtocolHandler ["http-nio-8080"]
2025-08-224 09:44 o.s.b.w.e.tomcat.TomcatWebServer-Tomcat started on port 8080 (http) with context path '/'
2025-08-224 09:44 o.s.a.r.c.CachingConnectionFactory-Attempting to connect to: localhost:5672
2025-08-224 09:44 o.s.a.r.c.CachingConnectionFactory-Created new connection: connectionFactory#4e41b993:0/SimpleConnection@6914bb4a [delegate=amqp://guest@127.0.0.1:5672/, localPort=52998]
2025-08-224 09:44 c.b.o.OrdersystemApplication-Started OrdersystemApplication in 7.063 seconds (process running for 7.907)
2025-08-224 09:44 o.a.c.c.C.[Tomcat].[localhost].[/]-Initializing Spring DispatcherServlet 'dispatcherServlet'
2025-08-224 09:44 o.s.web.servlet.DispatcherServlet-Initializing Servlet 'dispatcherServlet'
2025-08-224 09:44 o.s.web.servlet.DispatcherServlet-Completed initialization in 1 ms
2025-08-224 09:44 o.s.d.w.c.SpringDataJacksonConfiguration$PageModule$WarningLoggingModifier-Serializing PageImpl instances as-is is not supported, meaning that there is no guarantee about the stability of the resulting JSON structure!
	For a stable JSON structure, please use Spring Data's PagedModel (globally via @EnableSpringDataWebSupport(pageSerializationMode = VIA_DTO))
	or Spring HATEOAS and Spring Data's PagedResourcesAssembler as documented in https://docs.spring.io/spring-data/commons/reference/repositories/core-extensions.html#core.web.pageables.

2025-08-224 09:49 o.s.a.r.l.SimpleMessageListenerContainer-Waiting for workers to finish.
2025-08-224 09:49 o.s.a.r.l.SimpleMessageListenerContainer-Successfully waited for workers to finish.
2025-08-224 09:49 o.s.b.w.e.tomcat.GracefulShutdown-Commencing graceful shutdown. Waiting for active requests to complete
2025-08-224 09:49 o.s.b.w.e.tomcat.GracefulShutdown-Graceful shutdown complete
2025-08-224 09:49 o.s.o.j.LocalContainerEntityManagerFactoryBean-Closing JPA EntityManagerFactory for persistence unit 'default'
2025-08-224 09:49 com.zaxxer.hikari.HikariDataSource-HikariPool-1 - Shutdown initiated...
2025-08-224 09:49 com.zaxxer.hikari.HikariDataSource-HikariPool-1 - Shutdown completed.
2025-08-224 09:49 o.h.validator.internal.util.Version-HV000001: Hibernate Validator 8.0.2.Final
2025-08-224 09:49 c.b.o.OrdersystemApplication-Starting OrdersystemApplication using Java 17.0.15 with PID 2964 (C:\Users\Playdata\Desktop\ordersystem\build\classes\java\main started by Playdata in C:\Users\Playdata\Desktop\ordersystem)
2025-08-224 09:49 c.b.o.OrdersystemApplication-The following 1 profile is active: "prod"
2025-08-224 09:49 o.s.d.r.c.RepositoryConfigurationDelegate-Multiple Spring Data modules found, entering strict repository configuration mode
2025-08-224 09:49 o.s.d.r.c.RepositoryConfigurationDelegate-Bootstrapping Spring Data JPA repositories in DEFAULT mode.
2025-08-224 09:49 o.s.d.r.c.RepositoryConfigurationDelegate-Finished Spring Data repository scanning in 118 ms. Found 4 JPA repository interfaces.
2025-08-224 09:49 o.s.d.r.c.RepositoryConfigurationDelegate-Multiple Spring Data modules found, entering strict repository configuration mode
2025-08-224 09:49 o.s.d.r.c.RepositoryConfigurationDelegate-Bootstrapping Spring Data Redis repositories in DEFAULT mode.
2025-08-224 09:49 o.s.d.r.c.RepositoryConfigurationExtensionSupport-Spring Data Redis - Could not safely identify store assignment for repository candidate interface com.beyond.ordersystem.member.repository.MemberRepository; If you want this repository to be a Redis repository, consider annotating your entities with one of these annotations: org.springframework.data.redis.core.RedisHash (preferred), or consider extending one of the following types with your repository: org.springframework.data.keyvalue.repository.KeyValueRepository
2025-08-224 09:49 o.s.d.r.c.RepositoryConfigurationExtensionSupport-Spring Data Redis - Could not safely identify store assignment for repository candidate interface com.beyond.ordersystem.ordering.repository.OrderDetailRepository; If you want this repository to be a Redis repository, consider annotating your entities with one of these annotations: org.springframework.data.redis.core.RedisHash (preferred), or consider extending one of the following types with your repository: org.springframework.data.keyvalue.repository.KeyValueRepository
2025-08-224 09:49 o.s.d.r.c.RepositoryConfigurationExtensionSupport-Spring Data Redis - Could not safely identify store assignment for repository candidate interface com.beyond.ordersystem.ordering.repository.OrderingRepository; If you want this repository to be a Redis repository, consider annotating your entities with one of these annotations: org.springframework.data.redis.core.RedisHash (preferred), or consider extending one of the following types with your repository: org.springframework.data.keyvalue.repository.KeyValueRepository
2025-08-224 09:49 o.s.d.r.c.RepositoryConfigurationExtensionSupport-Spring Data Redis - Could not safely identify store assignment for repository candidate interface com.beyond.ordersystem.product.repository.ProductRepository; If you want this repository to be a Redis repository, consider annotating your entities with one of these annotations: org.springframework.data.redis.core.RedisHash (preferred), or consider extending one of the following types with your repository: org.springframework.data.keyvalue.repository.KeyValueRepository
2025-08-224 09:49 o.s.d.r.c.RepositoryConfigurationDelegate-Finished Spring Data repository scanning in 7 ms. Found 0 Redis repository interfaces.
2025-08-224 09:49 o.m.s.mapper.ClassPathMapperScanner-No MyBatis mapper was found in '[com.beyond.ordersystem]' package. Please check your configuration.
2025-08-224 09:49 o.s.b.w.e.tomcat.TomcatWebServer-Tomcat initialized with port 8080 (http)
2025-08-224 09:49 o.a.coyote.http11.Http11NioProtocol-Initializing ProtocolHandler ["http-nio-8080"]
2025-08-224 09:49 o.a.catalina.core.StandardService-Starting service [Tomcat]
2025-08-224 09:49 o.a.catalina.core.StandardEngine-Starting Servlet engine: [Apache Tomcat/10.1.43]
2025-08-224 09:49 o.a.c.c.C.[Tomcat].[localhost].[/]-Initializing Spring embedded WebApplicationContext
2025-08-224 09:49 o.s.b.w.s.c.ServletWebServerApplicationContext-Root WebApplicationContext: initialization completed in 1605 ms
2025-08-224 09:49 o.h.jpa.internal.util.LogHelper-HHH000204: Processing PersistenceUnitInfo [name: default]
2025-08-224 09:49 org.hibernate.Version-HHH000412: Hibernate ORM core version 6.6.22.Final
2025-08-224 09:49 o.h.c.i.RegionFactoryInitiator-HHH000026: Second-level cache disabled
2025-08-224 09:49 o.s.o.j.p.SpringPersistenceUnitInfo-No LoadTimeWeaver setup: ignoring JPA class transformer
2025-08-224 09:49 com.zaxxer.hikari.HikariDataSource-HikariPool-1 - Starting...
2025-08-224 09:49 com.zaxxer.hikari.pool.HikariPool-HikariPool-1 - Added connection org.mariadb.jdbc.Connection@45f95ac0
2025-08-224 09:49 com.zaxxer.hikari.HikariDataSource-HikariPool-1 - Start completed.
2025-08-224 09:49 org.hibernate.orm.deprecation-HHH90000025: MariaDBDialect does not need to be specified explicitly using 'hibernate.dialect' (remove the property setting and it will be selected by default)
2025-08-224 09:49 o.hibernate.orm.connections.pooling-HHH10001005: Database info:
	Database JDBC URL [Connecting through datasource 'HikariDataSource (HikariPool-1)']
	Database driver: undefined/unknown
	Database version: 11.8.2
	Autocommit mode: undefined/unknown
	Isolation level: undefined/unknown
	Minimum pool size: undefined/unknown
	Maximum pool size: undefined/unknown
2025-08-224 09:49 o.h.e.t.j.p.i.JtaPlatformInitiator-HHH000489: No JTA platform available (set 'hibernate.transaction.jta.platform' to enable JTA platform integration)
2025-08-224 09:49 o.s.o.j.LocalContainerEntityManagerFactoryBean-Initialized JPA EntityManagerFactory for persistence unit 'default'
2025-08-224 09:49 o.s.b.a.o.j.JpaBaseConfiguration$JpaWebConfiguration-spring.jpa.open-in-view is enabled by default. Therefore, database queries may be performed during view rendering. Explicitly configure spring.jpa.open-in-view to disable this warning
2025-08-224 09:49 o.s.b.a.s.s.UserDetailsServiceAutoConfiguration-

Using generated security password: d33cded8-110e-4277-8535-c1e6d06dfa34

This generated password is for development use only. Your security configuration must be updated before running your application in production.

2025-08-224 09:49 o.s.s.c.a.a.c.InitializeUserDetailsBeanManagerConfigurer$InitializeUserDetailsManagerConfigurer-Global AuthenticationManager configured with UserDetailsService bean with name inMemoryUserDetailsManager
2025-08-224 09:49 o.s.s.c.a.w.c.AuthorizeHttpRequestsConfigurer$AuthorizationManagerRequestMatcherRegistry-One of the patterns in [/member/create, member/doLogin, /member/refresh-at, /product/list, /v3/api-docs/**, /swagger-ui/**, /swagger-ui.html] is missing a leading slash. This is discouraged; please include the leading slash in all your request matcher patterns. In future versions of Spring Security, leaving out the leading slash will result in an exception.
2025-08-224 09:49 o.a.coyote.http11.Http11NioProtocol-Starting ProtocolHandler ["http-nio-8080"]
2025-08-224 09:49 o.s.b.w.e.tomcat.TomcatWebServer-Tomcat started on port 8080 (http) with context path '/'
2025-08-224 09:49 o.s.a.r.c.CachingConnectionFactory-Attempting to connect to: localhost:5672
2025-08-224 09:49 o.s.a.r.c.CachingConnectionFactory-Created new connection: connectionFactory#5502f74c:0/SimpleConnection@2aecd5a4 [delegate=amqp://guest@127.0.0.1:5672/, localPort=53078]
2025-08-224 09:49 c.b.o.OrdersystemApplication-Started OrdersystemApplication in 6.208 seconds (process running for 6.965)
2025-08-224 09:49 o.a.c.c.C.[Tomcat].[localhost].[/]-Initializing Spring DispatcherServlet 'dispatcherServlet'
2025-08-224 09:49 o.s.web.servlet.DispatcherServlet-Initializing Servlet 'dispatcherServlet'
2025-08-224 09:49 o.s.web.servlet.DispatcherServlet-Completed initialization in 1 ms
2025-08-224 09:49 o.s.d.w.c.SpringDataJacksonConfiguration$PageModule$WarningLoggingModifier-Serializing PageImpl instances as-is is not supported, meaning that there is no guarantee about the stability of the resulting JSON structure!
	For a stable JSON structure, please use Spring Data's PagedModel (globally via @EnableSpringDataWebSupport(pageSerializationMode = VIA_DTO))
	or Spring HATEOAS and Spring Data's PagedResourcesAssembler as documented in https://docs.spring.io/spring-data/commons/reference/repositories/core-extensions.html#core.web.pageables.

2025-08-224 09:49 o.s.a.r.l.SimpleMessageListenerContainer-Waiting for workers to finish.
2025-08-224 09:49 o.s.a.r.l.SimpleMessageListenerContainer-Successfully waited for workers to finish.
2025-08-224 09:49 o.s.b.w.e.tomcat.GracefulShutdown-Commencing graceful shutdown. Waiting for active requests to complete
2025-08-224 09:49 o.s.b.w.e.tomcat.GracefulShutdown-Graceful shutdown complete
2025-08-224 09:49 o.s.o.j.LocalContainerEntityManagerFactoryBean-Closing JPA EntityManagerFactory for persistence unit 'default'
2025-08-224 09:49 com.zaxxer.hikari.HikariDataSource-HikariPool-1 - Shutdown initiated...
2025-08-224 09:49 com.zaxxer.hikari.HikariDataSource-HikariPool-1 - Shutdown completed.
2025-08-224 09:49 o.h.validator.internal.util.Version-HV000001: Hibernate Validator 8.0.2.Final
2025-08-224 09:49 c.b.o.OrdersystemApplication-Starting OrdersystemApplication using Java 17.0.15 with PID 14028 (C:\Users\Playdata\Desktop\ordersystem\build\classes\java\main started by Playdata in C:\Users\Playdata\Desktop\ordersystem)
2025-08-224 09:49 c.b.o.OrdersystemApplication-The following 1 profile is active: "prod"
2025-08-224 09:49 o.s.d.r.c.RepositoryConfigurationDelegate-Multiple Spring Data modules found, entering strict repository configuration mode
2025-08-224 09:49 o.s.d.r.c.RepositoryConfigurationDelegate-Bootstrapping Spring Data JPA repositories in DEFAULT mode.
2025-08-224 09:49 o.s.d.r.c.RepositoryConfigurationDelegate-Finished Spring Data repository scanning in 122 ms. Found 4 JPA repository interfaces.
2025-08-224 09:49 o.s.d.r.c.RepositoryConfigurationDelegate-Multiple Spring Data modules found, entering strict repository configuration mode
2025-08-224 09:49 o.s.d.r.c.RepositoryConfigurationDelegate-Bootstrapping Spring Data Redis repositories in DEFAULT mode.
2025-08-224 09:49 o.s.d.r.c.RepositoryConfigurationExtensionSupport-Spring Data Redis - Could not safely identify store assignment for repository candidate interface com.beyond.ordersystem.member.repository.MemberRepository; If you want this repository to be a Redis repository, consider annotating your entities with one of these annotations: org.springframework.data.redis.core.RedisHash (preferred), or consider extending one of the following types with your repository: org.springframework.data.keyvalue.repository.KeyValueRepository
2025-08-224 09:49 o.s.d.r.c.RepositoryConfigurationExtensionSupport-Spring Data Redis - Could not safely identify store assignment for repository candidate interface com.beyond.ordersystem.ordering.repository.OrderDetailRepository; If you want this repository to be a Redis repository, consider annotating your entities with one of these annotations: org.springframework.data.redis.core.RedisHash (preferred), or consider extending one of the following types with your repository: org.springframework.data.keyvalue.repository.KeyValueRepository
2025-08-224 09:49 o.s.d.r.c.RepositoryConfigurationExtensionSupport-Spring Data Redis - Could not safely identify store assignment for repository candidate interface com.beyond.ordersystem.ordering.repository.OrderingRepository; If you want this repository to be a Redis repository, consider annotating your entities with one of these annotations: org.springframework.data.redis.core.RedisHash (preferred), or consider extending one of the following types with your repository: org.springframework.data.keyvalue.repository.KeyValueRepository
2025-08-224 09:49 o.s.d.r.c.RepositoryConfigurationExtensionSupport-Spring Data Redis - Could not safely identify store assignment for repository candidate interface com.beyond.ordersystem.product.repository.ProductRepository; If you want this repository to be a Redis repository, consider annotating your entities with one of these annotations: org.springframework.data.redis.core.RedisHash (preferred), or consider extending one of the following types with your repository: org.springframework.data.keyvalue.repository.KeyValueRepository
2025-08-224 09:49 o.s.d.r.c.RepositoryConfigurationDelegate-Finished Spring Data repository scanning in 9 ms. Found 0 Redis repository interfaces.
2025-08-224 09:49 o.m.s.mapper.ClassPathMapperScanner-No MyBatis mapper was found in '[com.beyond.ordersystem]' package. Please check your configuration.
2025-08-224 09:49 o.s.b.w.e.tomcat.TomcatWebServer-Tomcat initialized with port 8080 (http)
2025-08-224 09:49 o.a.coyote.http11.Http11NioProtocol-Initializing ProtocolHandler ["http-nio-8080"]
2025-08-224 09:49 o.a.catalina.core.StandardService-Starting service [Tomcat]
2025-08-224 09:49 o.a.catalina.core.StandardEngine-Starting Servlet engine: [Apache Tomcat/10.1.43]
2025-08-224 09:49 o.a.c.c.C.[Tomcat].[localhost].[/]-Initializing Spring embedded WebApplicationContext
2025-08-224 09:49 o.s.b.w.s.c.ServletWebServerApplicationContext-Root WebApplicationContext: initialization completed in 1686 ms
2025-08-224 09:49 o.h.jpa.internal.util.LogHelper-HHH000204: Processing PersistenceUnitInfo [name: default]
2025-08-224 09:49 org.hibernate.Version-HHH000412: Hibernate ORM core version 6.6.22.Final
2025-08-224 09:49 o.h.c.i.RegionFactoryInitiator-HHH000026: Second-level cache disabled
2025-08-224 09:49 o.s.o.j.p.SpringPersistenceUnitInfo-No LoadTimeWeaver setup: ignoring JPA class transformer
2025-08-224 09:49 com.zaxxer.hikari.HikariDataSource-HikariPool-1 - Starting...
2025-08-224 09:49 com.zaxxer.hikari.pool.HikariPool-HikariPool-1 - Added connection org.mariadb.jdbc.Connection@3b77940f
2025-08-224 09:49 com.zaxxer.hikari.HikariDataSource-HikariPool-1 - Start completed.
2025-08-224 09:49 org.hibernate.orm.deprecation-HHH90000025: MariaDBDialect does not need to be specified explicitly using 'hibernate.dialect' (remove the property setting and it will be selected by default)
2025-08-224 09:49 o.hibernate.orm.connections.pooling-HHH10001005: Database info:
	Database JDBC URL [Connecting through datasource 'HikariDataSource (HikariPool-1)']
	Database driver: undefined/unknown
	Database version: 11.8.2
	Autocommit mode: undefined/unknown
	Isolation level: undefined/unknown
	Minimum pool size: undefined/unknown
	Maximum pool size: undefined/unknown
2025-08-224 09:49 o.h.e.t.j.p.i.JtaPlatformInitiator-HHH000489: No JTA platform available (set 'hibernate.transaction.jta.platform' to enable JTA platform integration)
2025-08-224 09:49 o.s.o.j.LocalContainerEntityManagerFactoryBean-Initialized JPA EntityManagerFactory for persistence unit 'default'
2025-08-224 09:49 o.s.b.a.o.j.JpaBaseConfiguration$JpaWebConfiguration-spring.jpa.open-in-view is enabled by default. Therefore, database queries may be performed during view rendering. Explicitly configure spring.jpa.open-in-view to disable this warning
2025-08-224 09:49 o.s.b.a.s.s.UserDetailsServiceAutoConfiguration-

Using generated security password: d230fca6-69ea-4d5c-8bf7-66ebd4913df4

This generated password is for development use only. Your security configuration must be updated before running your application in production.

2025-08-224 09:49 o.s.s.c.a.a.c.InitializeUserDetailsBeanManagerConfigurer$InitializeUserDetailsManagerConfigurer-Global AuthenticationManager configured with UserDetailsService bean with name inMemoryUserDetailsManager
2025-08-224 09:49 o.s.s.c.a.w.c.AuthorizeHttpRequestsConfigurer$AuthorizationManagerRequestMatcherRegistry-One of the patterns in [/member/create, member/doLogin, /member/refresh-at, /product/list, /v3/api-docs/**, /swagger-ui/**, /swagger-ui.html] is missing a leading slash. This is discouraged; please include the leading slash in all your request matcher patterns. In future versions of Spring Security, leaving out the leading slash will result in an exception.
2025-08-224 09:49 o.a.coyote.http11.Http11NioProtocol-Starting ProtocolHandler ["http-nio-8080"]
2025-08-224 09:49 o.s.b.w.e.tomcat.TomcatWebServer-Tomcat started on port 8080 (http) with context path '/'
2025-08-224 09:49 o.s.a.r.c.CachingConnectionFactory-Attempting to connect to: localhost:5672
2025-08-224 09:49 o.s.a.r.c.CachingConnectionFactory-Created new connection: connectionFactory#1c8d9ac9:0/SimpleConnection@f6776e2 [delegate=amqp://guest@127.0.0.1:5672/, localPort=53118]
2025-08-224 09:49 c.b.o.OrdersystemApplication-Started OrdersystemApplication in 6.259 seconds (process running for 6.974)
2025-08-224 09:49 o.a.c.c.C.[Tomcat].[localhost].[/]-Initializing Spring DispatcherServlet 'dispatcherServlet'
2025-08-224 09:49 o.s.web.servlet.DispatcherServlet-Initializing Servlet 'dispatcherServlet'
2025-08-224 09:49 o.s.web.servlet.DispatcherServlet-Completed initialization in 1 ms
2025-08-224 09:49 o.s.d.w.c.SpringDataJacksonConfiguration$PageModule$WarningLoggingModifier-Serializing PageImpl instances as-is is not supported, meaning that there is no guarantee about the stability of the resulting JSON structure!
	For a stable JSON structure, please use Spring Data's PagedModel (globally via @EnableSpringDataWebSupport(pageSerializationMode = VIA_DTO))
	or Spring HATEOAS and Spring Data's PagedResourcesAssembler as documented in https://docs.spring.io/spring-data/commons/reference/repositories/core-extensions.html#core.web.pageables.

2025-08-224 11:15 c.b.o.c.a.JwtAuthenticationHandler-Full authentication is required to access this resource
2025-08-224 11:15 c.b.o.c.s.CommonExceptionHandler-JWT String argument cannot be null or empty.
2025-08-224 11:15 c.b.o.c.s.CommonExceptionHandler-email  password  
2025-08-224 11:15 c.b.o.c.s.CommonExceptionHandler-email  password  
2025-08-224 13:56 com.zaxxer.hikari.pool.HikariPool-HikariPool-1 - Thread starvation or clock leap detected (housekeeper delta=1h2m15s801ms646s301ns).
2025-08-224 14:46 o.s.a.r.l.SimpleMessageListenerContainer-Waiting for workers to finish.
2025-08-224 14:46 o.s.a.r.l.SimpleMessageListenerContainer-Successfully waited for workers to finish.
2025-08-224 14:46 o.s.b.w.e.tomcat.GracefulShutdown-Commencing graceful shutdown. Waiting for active requests to complete
2025-08-224 14:46 o.s.b.w.e.tomcat.GracefulShutdown-Graceful shutdown complete
2025-08-224 14:46 o.s.o.j.LocalContainerEntityManagerFactoryBean-Closing JPA EntityManagerFactory for persistence unit 'default'
2025-08-224 14:46 com.zaxxer.hikari.HikariDataSource-HikariPool-1 - Shutdown initiated...
2025-08-224 14:46 com.zaxxer.hikari.HikariDataSource-HikariPool-1 - Shutdown completed.
2025-08-224 14:46 o.h.validator.internal.util.Version-HV000001: Hibernate Validator 8.0.2.Final
2025-08-224 14:46 c.b.o.OrdersystemApplication-Starting OrdersystemApplication using Java 17.0.15 with PID 21288 (C:\Users\Playdata\Desktop\ordersystem\build\classes\java\main started by Playdata in C:\Users\Playdata\Desktop\ordersystem)
2025-08-224 14:46 c.b.o.OrdersystemApplication-The following 1 profile is active: "prod"
2025-08-224 14:46 o.s.d.r.c.RepositoryConfigurationDelegate-Multiple Spring Data modules found, entering strict repository configuration mode
2025-08-224 14:46 o.s.d.r.c.RepositoryConfigurationDelegate-Bootstrapping Spring Data JPA repositories in DEFAULT mode.
2025-08-224 14:46 o.s.d.r.c.RepositoryConfigurationDelegate-Finished Spring Data repository scanning in 125 ms. Found 4 JPA repository interfaces.
2025-08-224 14:46 o.s.d.r.c.RepositoryConfigurationDelegate-Multiple Spring Data modules found, entering strict repository configuration mode
2025-08-224 14:46 o.s.d.r.c.RepositoryConfigurationDelegate-Bootstrapping Spring Data Redis repositories in DEFAULT mode.
2025-08-224 14:46 o.s.d.r.c.RepositoryConfigurationExtensionSupport-Spring Data Redis - Could not safely identify store assignment for repository candidate interface com.beyond.ordersystem.member.repository.MemberRepository; If you want this repository to be a Redis repository, consider annotating your entities with one of these annotations: org.springframework.data.redis.core.RedisHash (preferred), or consider extending one of the following types with your repository: org.springframework.data.keyvalue.repository.KeyValueRepository
2025-08-224 14:46 o.s.d.r.c.RepositoryConfigurationExtensionSupport-Spring Data Redis - Could not safely identify store assignment for repository candidate interface com.beyond.ordersystem.ordering.repository.OrderDetailRepository; If you want this repository to be a Redis repository, consider annotating your entities with one of these annotations: org.springframework.data.redis.core.RedisHash (preferred), or consider extending one of the following types with your repository: org.springframework.data.keyvalue.repository.KeyValueRepository
2025-08-224 14:46 o.s.d.r.c.RepositoryConfigurationExtensionSupport-Spring Data Redis - Could not safely identify store assignment for repository candidate interface com.beyond.ordersystem.ordering.repository.OrderingRepository; If you want this repository to be a Redis repository, consider annotating your entities with one of these annotations: org.springframework.data.redis.core.RedisHash (preferred), or consider extending one of the following types with your repository: org.springframework.data.keyvalue.repository.KeyValueRepository
2025-08-224 14:46 o.s.d.r.c.RepositoryConfigurationExtensionSupport-Spring Data Redis - Could not safely identify store assignment for repository candidate interface com.beyond.ordersystem.product.repository.ProductRepository; If you want this repository to be a Redis repository, consider annotating your entities with one of these annotations: org.springframework.data.redis.core.RedisHash (preferred), or consider extending one of the following types with your repository: org.springframework.data.keyvalue.repository.KeyValueRepository
2025-08-224 14:46 o.s.d.r.c.RepositoryConfigurationDelegate-Finished Spring Data repository scanning in 8 ms. Found 0 Redis repository interfaces.
2025-08-224 14:46 o.m.s.mapper.ClassPathMapperScanner-No MyBatis mapper was found in '[com.beyond.ordersystem]' package. Please check your configuration.
2025-08-224 14:46 o.s.b.w.e.tomcat.TomcatWebServer-Tomcat initialized with port 8080 (http)
2025-08-224 14:46 o.a.coyote.http11.Http11NioProtocol-Initializing ProtocolHandler ["http-nio-8080"]
2025-08-224 14:46 o.a.catalina.core.StandardService-Starting service [Tomcat]
2025-08-224 14:46 o.a.catalina.core.StandardEngine-Starting Servlet engine: [Apache Tomcat/10.1.43]
2025-08-224 14:46 o.a.c.c.C.[Tomcat].[localhost].[/]-Initializing Spring embedded WebApplicationContext
2025-08-224 14:46 o.s.b.w.s.c.ServletWebServerApplicationContext-Root WebApplicationContext: initialization completed in 1950 ms
2025-08-224 14:46 o.h.jpa.internal.util.LogHelper-HHH000204: Processing PersistenceUnitInfo [name: default]
2025-08-224 14:46 org.hibernate.Version-HHH000412: Hibernate ORM core version 6.6.22.Final
2025-08-224 14:46 o.h.c.i.RegionFactoryInitiator-HHH000026: Second-level cache disabled
2025-08-224 14:46 o.s.o.j.p.SpringPersistenceUnitInfo-No LoadTimeWeaver setup: ignoring JPA class transformer
2025-08-224 14:46 com.zaxxer.hikari.HikariDataSource-HikariPool-1 - Starting...
2025-08-224 14:46 com.zaxxer.hikari.pool.HikariPool-HikariPool-1 - Added connection org.mariadb.jdbc.Connection@54970127
2025-08-224 14:46 com.zaxxer.hikari.HikariDataSource-HikariPool-1 - Start completed.
2025-08-224 14:46 org.hibernate.orm.deprecation-HHH90000025: MariaDBDialect does not need to be specified explicitly using 'hibernate.dialect' (remove the property setting and it will be selected by default)
2025-08-224 14:46 o.hibernate.orm.connections.pooling-HHH10001005: Database info:
	Database JDBC URL [Connecting through datasource 'HikariDataSource (HikariPool-1)']
	Database driver: undefined/unknown
	Database version: 11.8.2
	Autocommit mode: undefined/unknown
	Isolation level: undefined/unknown
	Minimum pool size: undefined/unknown
	Maximum pool size: undefined/unknown
2025-08-224 14:46 o.h.e.t.j.p.i.JtaPlatformInitiator-HHH000489: No JTA platform available (set 'hibernate.transaction.jta.platform' to enable JTA platform integration)
2025-08-224 14:46 o.s.o.j.LocalContainerEntityManagerFactoryBean-Initialized JPA EntityManagerFactory for persistence unit 'default'
2025-08-224 14:46 o.s.b.a.o.j.JpaBaseConfiguration$JpaWebConfiguration-spring.jpa.open-in-view is enabled by default. Therefore, database queries may be performed during view rendering. Explicitly configure spring.jpa.open-in-view to disable this warning
2025-08-224 14:46 o.s.b.a.s.s.UserDetailsServiceAutoConfiguration-

Using generated security password: fe847a83-bf79-4d64-85ce-077b9335fa1a

This generated password is for development use only. Your security configuration must be updated before running your application in production.

2025-08-224 14:46 o.s.s.c.a.a.c.InitializeUserDetailsBeanManagerConfigurer$InitializeUserDetailsManagerConfigurer-Global AuthenticationManager configured with UserDetailsService bean with name inMemoryUserDetailsManager
2025-08-224 14:46 o.s.s.c.a.w.c.AuthorizeHttpRequestsConfigurer$AuthorizationManagerRequestMatcherRegistry-One of the patterns in [/member/create, member/doLogin, /member/refresh-at, /product/list, /v3/api-docs/**, /swagger-ui/**, /swagger-ui.html] is missing a leading slash. This is discouraged; please include the leading slash in all your request matcher patterns. In future versions of Spring Security, leaving out the leading slash will result in an exception.
2025-08-224 14:46 o.a.coyote.http11.Http11NioProtocol-Starting ProtocolHandler ["http-nio-8080"]
2025-08-224 14:46 o.s.b.w.e.tomcat.TomcatWebServer-Tomcat started on port 8080 (http) with context path '/'
2025-08-224 14:46 o.s.a.r.c.CachingConnectionFactory-Attempting to connect to: localhost:5672
2025-08-224 14:46 o.s.a.r.c.CachingConnectionFactory-Created new connection: connectionFactory#a05727b:0/SimpleConnection@4373a443 [delegate=amqp://guest@127.0.0.1:5672/, localPort=61133]
2025-08-224 14:46 c.b.o.OrdersystemApplication-Started OrdersystemApplication in 6.949 seconds (process running for 7.928)
2025-08-224 15:01 o.a.c.c.C.[Tomcat].[localhost].[/]-Initializing Spring DispatcherServlet 'dispatcherServlet'
2025-08-224 15:01 o.s.web.servlet.DispatcherServlet-Initializing Servlet 'dispatcherServlet'
2025-08-224 15:01 o.s.web.servlet.DispatcherServlet-Completed initialization in 1 ms
2025-08-224 15:01 o.s.d.w.c.SpringDataJacksonConfiguration$PageModule$WarningLoggingModifier-Serializing PageImpl instances as-is is not supported, meaning that there is no guarantee about the stability of the resulting JSON structure!
	For a stable JSON structure, please use Spring Data's PagedModel (globally via @EnableSpringDataWebSupport(pageSerializationMode = VIA_DTO))
	or Spring HATEOAS and Spring Data's PagedResourcesAssembler as documented in https://docs.spring.io/spring-data/commons/reference/repositories/core-extensions.html#core.web.pageables.

2025-08-224 16:18 o.s.a.r.l.SimpleMessageListenerContainer-Waiting for workers to finish.
2025-08-224 16:18 o.s.a.r.l.SimpleMessageListenerContainer-Successfully waited for workers to finish.
2025-08-224 16:18 o.s.b.w.e.tomcat.GracefulShutdown-Commencing graceful shutdown. Waiting for active requests to complete
2025-08-224 16:18 o.s.b.w.e.tomcat.GracefulShutdown-Graceful shutdown complete
2025-08-224 16:18 o.s.o.j.LocalContainerEntityManagerFactoryBean-Closing JPA EntityManagerFactory for persistence unit 'default'
2025-08-224 16:18 com.zaxxer.hikari.HikariDataSource-HikariPool-1 - Shutdown initiated...
2025-08-224 16:18 com.zaxxer.hikari.HikariDataSource-HikariPool-1 - Shutdown completed.
