2025-08-04T10:14:19.215+09:00  INFO 19292 --- [main] c.b.ordersystem.OrdersystemApplication   : Starting OrdersystemApplication using Java 17.0.15 with PID 19292 (C:\Users\Playdata\Desktop\ordersystem\build\classes\java\main started by Playdata in C:\Users\Playdata\Desktop\ordersystem)
2025-08-04T10:14:19.218+09:00  INFO 19292 --- [main] c.b.ordersystem.OrdersystemApplication   : The following 1 profile is active: "prod"
2025-08-04T10:14:20.442+09:00  INFO 19292 --- [main] .s.d.r.c.RepositoryConfigurationDelegate : Multiple Spring Data modules found, entering strict repository configuration mode
2025-08-04T10:14:20.445+09:00  INFO 19292 --- [main] .s.d.r.c.RepositoryConfigurationDelegate : Bootstrapping Spring Data JPA repositories in DEFAULT mode.
2025-08-04T10:14:20.626+09:00  INFO 19292 --- [main] .s.d.r.c.RepositoryConfigurationDelegate : Finished Spring Data repository scanning in 157 ms. Found 4 JPA repository interfaces.
2025-08-04T10:14:20.653+09:00  INFO 19292 --- [main] .s.d.r.c.RepositoryConfigurationDelegate : Multiple Spring Data modules found, entering strict repository configuration mode
2025-08-04T10:14:20.656+09:00  INFO 19292 --- [main] .s.d.r.c.RepositoryConfigurationDelegate : Bootstrapping Spring Data Redis repositories in DEFAULT mode.
2025-08-04T10:14:20.705+09:00  INFO 19292 --- [main] .RepositoryConfigurationExtensionSupport : Spring Data Redis - Could not safely identify store assignment for repository candidate interface com.beyond.ordersystem.member.repository.MemberRepository; If you want this repository to be a Redis repository, consider annotating your entities with one of these annotations: org.springframework.data.redis.core.RedisHash (preferred), or consider extending one of the following types with your repository: org.springframework.data.keyvalue.repository.KeyValueRepository
2025-08-04T10:14:20.706+09:00  INFO 19292 --- [main] .RepositoryConfigurationExtensionSupport : Spring Data Redis - Could not safely identify store assignment for repository candidate interface com.beyond.ordersystem.ordering.repository.OrderDetailRepository; If you want this repository to be a Redis repository, consider annotating your entities with one of these annotations: org.springframework.data.redis.core.RedisHash (preferred), or consider extending one of the following types with your repository: org.springframework.data.keyvalue.repository.KeyValueRepository
2025-08-04T10:14:20.708+09:00  INFO 19292 --- [main] .RepositoryConfigurationExtensionSupport : Spring Data Redis - Could not safely identify store assignment for repository candidate interface com.beyond.ordersystem.ordering.repository.OrderingRepository; If you want this repository to be a Redis repository, consider annotating your entities with one of these annotations: org.springframework.data.redis.core.RedisHash (preferred), or consider extending one of the following types with your repository: org.springframework.data.keyvalue.repository.KeyValueRepository
2025-08-04T10:14:20.709+09:00  INFO 19292 --- [main] .RepositoryConfigurationExtensionSupport : Spring Data Redis - Could not safely identify store assignment for repository candidate interface com.beyond.ordersystem.product.repository.ProductRepository; If you want this repository to be a Redis repository, consider annotating your entities with one of these annotations: org.springframework.data.redis.core.RedisHash (preferred), or consider extending one of the following types with your repository: org.springframework.data.keyvalue.repository.KeyValueRepository
2025-08-04T10:14:20.711+09:00  INFO 19292 --- [main] .s.d.r.c.RepositoryConfigurationDelegate : Finished Spring Data repository scanning in 30 ms. Found 0 Redis repository interfaces.
2025-08-04T10:14:21.023+09:00  WARN 19292 --- [main] o.m.s.mapper.ClassPathMapperScanner      : No MyBatis mapper was found in '[com.beyond.ordersystem]' package. Please check your configuration.
2025-08-04T10:14:21.695+09:00  INFO 19292 --- [main] o.s.b.w.embedded.tomcat.TomcatWebServer  : Tomcat initialized with port 8080 (http)
2025-08-04T10:14:21.707+09:00  INFO 19292 --- [main] o.apache.catalina.core.StandardService   : Starting service [Tomcat]
2025-08-04T10:14:21.709+09:00  INFO 19292 --- [main] o.apache.catalina.core.StandardEngine    : Starting Servlet engine: [Apache Tomcat/10.1.43]
2025-08-04T10:14:21.786+09:00  INFO 19292 --- [main] o.a.c.c.C.[Tomcat].[localhost].[/]       : Initializing Spring embedded WebApplicationContext
2025-08-04T10:14:21.787+09:00  INFO 19292 --- [main] w.s.c.ServletWebServerApplicationContext : Root WebApplicationContext: initialization completed in 2501 ms
2025-08-04T10:14:22.013+09:00  INFO 19292 --- [main] o.hibernate.jpa.internal.util.LogHelper  : HHH000204: Processing PersistenceUnitInfo [name: default]
2025-08-04T10:14:22.067+09:00  INFO 19292 --- [main] org.hibernate.Version                    : HHH000412: Hibernate ORM core version 6.6.22.Final
2025-08-04T10:14:22.100+09:00  INFO 19292 --- [main] o.h.c.internal.RegionFactoryInitiator    : HHH000026: Second-level cache disabled
2025-08-04T10:14:22.422+09:00  INFO 19292 --- [main] o.s.o.j.p.SpringPersistenceUnitInfo      : No LoadTimeWeaver setup: ignoring JPA class transformer
2025-08-04T10:14:22.452+09:00  INFO 19292 --- [main] com.zaxxer.hikari.HikariDataSource       : HikariPool-1 - Starting...
2025-08-04T10:14:22.548+09:00  INFO 19292 --- [main] com.zaxxer.hikari.pool.HikariPool        : HikariPool-1 - Added connection org.mariadb.jdbc.Connection@7381d6f0
2025-08-04T10:14:22.552+09:00  INFO 19292 --- [main] com.zaxxer.hikari.HikariDataSource       : HikariPool-1 - Start completed.
2025-08-04T10:14:22.581+09:00  WARN 19292 --- [main] org.hibernate.orm.deprecation            : HHH90000025: MariaDBDialect does not need to be specified explicitly using 'hibernate.dialect' (remove the property setting and it will be selected by default)
2025-08-04T10:14:22.605+09:00  INFO 19292 --- [main] org.hibernate.orm.connections.pooling    : HHH10001005: Database info:
	Database JDBC URL [Connecting through datasource 'HikariDataSource (HikariPool-1)']
	Database driver: undefined/unknown
	Database version: 11.8.2
	Autocommit mode: undefined/unknown
	Isolation level: undefined/unknown
	Minimum pool size: undefined/unknown
	Maximum pool size: undefined/unknown
2025-08-04T10:14:23.810+09:00  INFO 19292 --- [main] o.h.e.t.j.p.i.JtaPlatformInitiator       : HHH000489: No JTA platform available (set 'hibernate.transaction.jta.platform' to enable JTA platform integration)
2025-08-04T10:14:24.159+09:00  INFO 19292 --- [main] j.LocalContainerEntityManagerFactoryBean : Initialized JPA EntityManagerFactory for persistence unit 'default'
2025-08-04T10:14:25.693+09:00  WARN 19292 --- [main] JpaBaseConfiguration$JpaWebConfiguration : spring.jpa.open-in-view is enabled by default. Therefore, database queries may be performed during view rendering. Explicitly configure spring.jpa.open-in-view to disable this warning
2025-08-04T10:14:25.742+09:00  WARN 19292 --- [main] .s.s.UserDetailsServiceAutoConfiguration : 

Using generated security password: 29bf0918-5eb7-49ec-b68f-b9e86b5cb06d

This generated password is for development use only. Your security configuration must be updated before running your application in production.

2025-08-04T10:14:25.751+09:00  INFO 19292 --- [main] r$InitializeUserDetailsManagerConfigurer : Global AuthenticationManager configured with UserDetailsService bean with name inMemoryUserDetailsManager
2025-08-04T10:14:25.822+09:00  WARN 19292 --- [main] thorizationManagerRequestMatcherRegistry : One of the patterns in [/member/create, member/doLogin, /member/refresh-at, /product/list, /v3/api-docs/**, /swagger-ui/**, /swagger-ui.html] is missing a leading slash. This is discouraged; please include the leading slash in all your request matcher patterns. In future versions of Spring Security, leaving out the leading slash will result in an exception.
2025-08-04T10:14:26.910+09:00  INFO 19292 --- [main] o.s.b.w.embedded.tomcat.TomcatWebServer  : Tomcat started on port 8080 (http) with context path '/'
2025-08-04T10:14:27.443+09:00  INFO 19292 --- [main] o.s.a.r.c.CachingConnectionFactory       : Attempting to connect to: localhost:5672
2025-08-04T10:14:27.511+09:00  INFO 19292 --- [main] o.s.a.r.c.CachingConnectionFactory       : Created new connection: connectionFactory#2453cbb7:0/SimpleConnection@7fe646a [delegate=amqp://guest@127.0.0.1:5672/, localPort=60481]
2025-08-04T10:14:27.595+09:00  INFO 19292 --- [main] c.b.ordersystem.OrdersystemApplication   : Started OrdersystemApplication in 9.22 seconds (process running for 10.224)
2025-08-04T10:14:33.703+09:00  INFO 19292 --- [org.springframework.amqp.rabbit.RabbitListenerEndpointContainer#0-2] o.s.a.r.l.SimpleMessageListenerContainer : Waiting for workers to finish.
2025-08-04T10:14:34.653+09:00  INFO 19292 --- [org.springframework.amqp.rabbit.RabbitListenerEndpointContainer#0-2] o.s.a.r.l.SimpleMessageListenerContainer : Successfully waited for workers to finish.
2025-08-04T10:14:34.655+09:00  INFO 19292 --- [SpringApplicationShutdownHook] o.s.b.w.e.tomcat.GracefulShutdown        : Commencing graceful shutdown. Waiting for active requests to complete
2025-08-04T10:14:34.873+09:00  INFO 19292 --- [tomcat-shutdown] o.s.b.w.e.tomcat.GracefulShutdown        : Graceful shutdown complete
2025-08-04T10:14:35.232+09:00  INFO 19292 --- [SpringApplicationShutdownHook] j.LocalContainerEntityManagerFactoryBean : Closing JPA EntityManagerFactory for persistence unit 'default'
2025-08-04T10:14:35.236+09:00  INFO 19292 --- [SpringApplicationShutdownHook] com.zaxxer.hikari.HikariDataSource       : HikariPool-1 - Shutdown initiated...
2025-08-04T10:14:35.242+09:00  INFO 19292 --- [SpringApplicationShutdownHook] com.zaxxer.hikari.HikariDataSource       : HikariPool-1 - Shutdown completed.
2025-08-216 10:24 o.h.validator.internal.util.Version-HV000001: Hibernate Validator 8.0.2.Final
2025-08-216 10:24 c.b.o.OrdersystemApplication-Starting OrdersystemApplication using Java 17.0.15 with PID 10356 (C:\Users\Playdata\Desktop\ordersystem\build\classes\java\main started by Playdata in C:\Users\Playdata\Desktop\ordersystem)
2025-08-216 10:24 c.b.o.OrdersystemApplication-The following 1 profile is active: "prod"
2025-08-216 10:24 o.s.d.r.c.RepositoryConfigurationDelegate-Multiple Spring Data modules found, entering strict repository configuration mode
2025-08-216 10:24 o.s.d.r.c.RepositoryConfigurationDelegate-Bootstrapping Spring Data JPA repositories in DEFAULT mode.
2025-08-216 10:24 o.s.d.r.c.RepositoryConfigurationDelegate-Finished Spring Data repository scanning in 178 ms. Found 4 JPA repository interfaces.
2025-08-216 10:24 o.s.d.r.c.RepositoryConfigurationDelegate-Multiple Spring Data modules found, entering strict repository configuration mode
2025-08-216 10:24 o.s.d.r.c.RepositoryConfigurationDelegate-Bootstrapping Spring Data Redis repositories in DEFAULT mode.
2025-08-216 10:24 o.s.d.r.c.RepositoryConfigurationExtensionSupport-Spring Data Redis - Could not safely identify store assignment for repository candidate interface com.beyond.ordersystem.member.repository.MemberRepository; If you want this repository to be a Redis repository, consider annotating your entities with one of these annotations: org.springframework.data.redis.core.RedisHash (preferred), or consider extending one of the following types with your repository: org.springframework.data.keyvalue.repository.KeyValueRepository
2025-08-216 10:24 o.s.d.r.c.RepositoryConfigurationExtensionSupport-Spring Data Redis - Could not safely identify store assignment for repository candidate interface com.beyond.ordersystem.ordering.repository.OrderDetailRepository; If you want this repository to be a Redis repository, consider annotating your entities with one of these annotations: org.springframework.data.redis.core.RedisHash (preferred), or consider extending one of the following types with your repository: org.springframework.data.keyvalue.repository.KeyValueRepository
2025-08-216 10:24 o.s.d.r.c.RepositoryConfigurationExtensionSupport-Spring Data Redis - Could not safely identify store assignment for repository candidate interface com.beyond.ordersystem.ordering.repository.OrderingRepository; If you want this repository to be a Redis repository, consider annotating your entities with one of these annotations: org.springframework.data.redis.core.RedisHash (preferred), or consider extending one of the following types with your repository: org.springframework.data.keyvalue.repository.KeyValueRepository
2025-08-216 10:24 o.s.d.r.c.RepositoryConfigurationExtensionSupport-Spring Data Redis - Could not safely identify store assignment for repository candidate interface com.beyond.ordersystem.product.repository.ProductRepository; If you want this repository to be a Redis repository, consider annotating your entities with one of these annotations: org.springframework.data.redis.core.RedisHash (preferred), or consider extending one of the following types with your repository: org.springframework.data.keyvalue.repository.KeyValueRepository
2025-08-216 10:24 o.s.d.r.c.RepositoryConfigurationDelegate-Finished Spring Data repository scanning in 13 ms. Found 0 Redis repository interfaces.
2025-08-216 10:24 o.m.s.mapper.ClassPathMapperScanner-No MyBatis mapper was found in '[com.beyond.ordersystem]' package. Please check your configuration.
2025-08-216 10:24 o.s.b.w.e.tomcat.TomcatWebServer-Tomcat initialized with port 8080 (http)
2025-08-216 10:24 o.a.coyote.http11.Http11NioProtocol-Initializing ProtocolHandler ["http-nio-8080"]
2025-08-216 10:24 o.a.catalina.core.StandardService-Starting service [Tomcat]
2025-08-216 10:24 o.a.catalina.core.StandardEngine-Starting Servlet engine: [Apache Tomcat/10.1.43]
2025-08-216 10:24 o.a.c.c.C.[Tomcat].[localhost].[/]-Initializing Spring embedded WebApplicationContext
2025-08-216 10:24 o.s.b.w.s.c.ServletWebServerApplicationContext-Root WebApplicationContext: initialization completed in 2465 ms
2025-08-216 10:24 o.h.jpa.internal.util.LogHelper-HHH000204: Processing PersistenceUnitInfo [name: default]
2025-08-216 10:24 org.hibernate.Version-HHH000412: Hibernate ORM core version 6.6.22.Final
2025-08-216 10:24 o.h.c.i.RegionFactoryInitiator-HHH000026: Second-level cache disabled
2025-08-216 10:24 o.s.o.j.p.SpringPersistenceUnitInfo-No LoadTimeWeaver setup: ignoring JPA class transformer
2025-08-216 10:24 com.zaxxer.hikari.HikariDataSource-HikariPool-1 - Starting...
2025-08-216 10:24 com.zaxxer.hikari.pool.HikariPool-HikariPool-1 - Added connection org.mariadb.jdbc.Connection@45f95ac0
2025-08-216 10:24 com.zaxxer.hikari.HikariDataSource-HikariPool-1 - Start completed.
2025-08-216 10:24 org.hibernate.orm.deprecation-HHH90000025: MariaDBDialect does not need to be specified explicitly using 'hibernate.dialect' (remove the property setting and it will be selected by default)
2025-08-216 10:24 o.hibernate.orm.connections.pooling-HHH10001005: Database info:
	Database JDBC URL [Connecting through datasource 'HikariDataSource (HikariPool-1)']
	Database driver: undefined/unknown
	Database version: 11.8.2
	Autocommit mode: undefined/unknown
	Isolation level: undefined/unknown
	Minimum pool size: undefined/unknown
	Maximum pool size: undefined/unknown
2025-08-216 10:24 o.h.e.t.j.p.i.JtaPlatformInitiator-HHH000489: No JTA platform available (set 'hibernate.transaction.jta.platform' to enable JTA platform integration)
2025-08-216 10:24 o.s.o.j.LocalContainerEntityManagerFactoryBean-Initialized JPA EntityManagerFactory for persistence unit 'default'
2025-08-216 10:24 o.s.b.a.o.j.JpaBaseConfiguration$JpaWebConfiguration-spring.jpa.open-in-view is enabled by default. Therefore, database queries may be performed during view rendering. Explicitly configure spring.jpa.open-in-view to disable this warning
2025-08-216 10:24 o.s.b.a.s.s.UserDetailsServiceAutoConfiguration-

Using generated security password: 08a470de-478c-468a-bcc7-20e167b578db

This generated password is for development use only. Your security configuration must be updated before running your application in production.

2025-08-216 10:24 o.s.s.c.a.a.c.InitializeUserDetailsBeanManagerConfigurer$InitializeUserDetailsManagerConfigurer-Global AuthenticationManager configured with UserDetailsService bean with name inMemoryUserDetailsManager
2025-08-216 10:24 o.s.s.c.a.w.c.AuthorizeHttpRequestsConfigurer$AuthorizationManagerRequestMatcherRegistry-One of the patterns in [/member/create, member/doLogin, /member/refresh-at, /product/list, /v3/api-docs/**, /swagger-ui/**, /swagger-ui.html] is missing a leading slash. This is discouraged; please include the leading slash in all your request matcher patterns. In future versions of Spring Security, leaving out the leading slash will result in an exception.
2025-08-216 10:24 o.a.coyote.http11.Http11NioProtocol-Starting ProtocolHandler ["http-nio-8080"]
2025-08-216 10:24 o.s.b.w.e.tomcat.TomcatWebServer-Tomcat started on port 8080 (http) with context path '/'
2025-08-216 10:24 o.s.a.r.c.CachingConnectionFactory-Attempting to connect to: localhost:5672
2025-08-216 10:24 o.s.a.r.c.CachingConnectionFactory-Created new connection: connectionFactory#5502f74c:0/SimpleConnection@16224bd8 [delegate=amqp://guest@127.0.0.1:5672/, localPort=60558]
2025-08-216 10:24 c.b.o.OrdersystemApplication-Started OrdersystemApplication in 9.118 seconds (process running for 10.3)
2025-08-216 10:25 o.a.c.c.C.[Tomcat].[localhost].[/]-Initializing Spring DispatcherServlet 'dispatcherServlet'
2025-08-216 10:25 o.s.web.servlet.DispatcherServlet-Initializing Servlet 'dispatcherServlet'
2025-08-216 10:25 o.s.web.servlet.DispatcherServlet-Completed initialization in 0 ms
2025-08-216 10:25 c.b.o.common.auth.JwtTokenFilter-JWT expired at 2025-08-01T23:56:33Z. Current time: 2025-08-04T01:25:12Z, a difference of 178119851 milliseconds.  Allowed clock skew: 0 milliseconds.
2025-08-216 10:25 c.b.o.c.a.JwtAuthenticationHandler-Full authentication is required to access this resource
2025-08-216 11:03 o.s.a.r.l.SimpleMessageListenerContainer-Waiting for workers to finish.
2025-08-216 11:03 o.s.a.r.l.SimpleMessageListenerContainer-Successfully waited for workers to finish.
2025-08-216 11:03 o.s.b.w.e.tomcat.GracefulShutdown-Commencing graceful shutdown. Waiting for active requests to complete
2025-08-216 11:03 o.s.b.w.e.tomcat.GracefulShutdown-Graceful shutdown complete
2025-08-216 11:03 o.s.o.j.LocalContainerEntityManagerFactoryBean-Closing JPA EntityManagerFactory for persistence unit 'default'
2025-08-216 11:03 com.zaxxer.hikari.HikariDataSource-HikariPool-1 - Shutdown initiated...
2025-08-216 11:03 com.zaxxer.hikari.HikariDataSource-HikariPool-1 - Shutdown completed.
