2025-08-223 09:30 o.h.validator.internal.util.Version-HV000001: Hibernate Validator 8.0.2.Final
2025-08-223 09:30 c.b.o.OrdersystemApplication-Starting OrdersystemApplication using Java 17.0.15 with PID 15288 (C:\Users\Playdata\Desktop\ordersystem\build\classes\java\main started by Playdata in C:\Users\Playdata\Desktop\ordersystem)
2025-08-223 09:30 c.b.o.OrdersystemApplication-The following 1 profile is active: "prod"
2025-08-223 09:30 o.s.d.r.c.RepositoryConfigurationDelegate-Multiple Spring Data modules found, entering strict repository configuration mode
2025-08-223 09:30 o.s.d.r.c.RepositoryConfigurationDelegate-Bootstrapping Spring Data JPA repositories in DEFAULT mode.
2025-08-223 09:30 o.s.d.r.c.RepositoryConfigurationDelegate-Finished Spring Data repository scanning in 193 ms. Found 4 JPA repository interfaces.
2025-08-223 09:30 o.s.d.r.c.RepositoryConfigurationDelegate-Multiple Spring Data modules found, entering strict repository configuration mode
2025-08-223 09:30 o.s.d.r.c.RepositoryConfigurationDelegate-Bootstrapping Spring Data Redis repositories in DEFAULT mode.
2025-08-223 09:30 o.s.d.r.c.RepositoryConfigurationExtensionSupport-Spring Data Redis - Could not safely identify store assignment for repository candidate interface com.beyond.ordersystem.member.repository.MemberRepository; If you want this repository to be a Redis repository, consider annotating your entities with one of these annotations: org.springframework.data.redis.core.RedisHash (preferred), or consider extending one of the following types with your repository: org.springframework.data.keyvalue.repository.KeyValueRepository
2025-08-223 09:30 o.s.d.r.c.RepositoryConfigurationExtensionSupport-Spring Data Redis - Could not safely identify store assignment for repository candidate interface com.beyond.ordersystem.ordering.repository.OrderDetailRepository; If you want this repository to be a Redis repository, consider annotating your entities with one of these annotations: org.springframework.data.redis.core.RedisHash (preferred), or consider extending one of the following types with your repository: org.springframework.data.keyvalue.repository.KeyValueRepository
2025-08-223 09:30 o.s.d.r.c.RepositoryConfigurationExtensionSupport-Spring Data Redis - Could not safely identify store assignment for repository candidate interface com.beyond.ordersystem.ordering.repository.OrderingRepository; If you want this repository to be a Redis repository, consider annotating your entities with one of these annotations: org.springframework.data.redis.core.RedisHash (preferred), or consider extending one of the following types with your repository: org.springframework.data.keyvalue.repository.KeyValueRepository
2025-08-223 09:30 o.s.d.r.c.RepositoryConfigurationExtensionSupport-Spring Data Redis - Could not safely identify store assignment for repository candidate interface com.beyond.ordersystem.product.repository.ProductRepository; If you want this repository to be a Redis repository, consider annotating your entities with one of these annotations: org.springframework.data.redis.core.RedisHash (preferred), or consider extending one of the following types with your repository: org.springframework.data.keyvalue.repository.KeyValueRepository
2025-08-223 09:30 o.s.d.r.c.RepositoryConfigurationDelegate-Finished Spring Data repository scanning in 9 ms. Found 0 Redis repository interfaces.
2025-08-223 09:30 o.m.s.mapper.ClassPathMapperScanner-No MyBatis mapper was found in '[com.beyond.ordersystem]' package. Please check your configuration.
2025-08-223 09:30 o.s.b.w.e.tomcat.TomcatWebServer-Tomcat initialized with port 8080 (http)
2025-08-223 09:30 o.a.coyote.http11.Http11NioProtocol-Initializing ProtocolHandler ["http-nio-8080"]
2025-08-223 09:30 o.a.catalina.core.StandardService-Starting service [Tomcat]
2025-08-223 09:30 o.a.catalina.core.StandardEngine-Starting Servlet engine: [Apache Tomcat/10.1.43]
2025-08-223 09:30 o.a.c.c.C.[Tomcat].[localhost].[/]-Initializing Spring embedded WebApplicationContext
2025-08-223 09:30 o.s.b.w.s.c.ServletWebServerApplicationContext-Root WebApplicationContext: initialization completed in 2322 ms
2025-08-223 09:30 o.h.jpa.internal.util.LogHelper-HHH000204: Processing PersistenceUnitInfo [name: default]
2025-08-223 09:30 org.hibernate.Version-HHH000412: Hibernate ORM core version 6.6.22.Final
2025-08-223 09:30 o.h.c.i.RegionFactoryInitiator-HHH000026: Second-level cache disabled
2025-08-223 09:30 o.s.o.j.p.SpringPersistenceUnitInfo-No LoadTimeWeaver setup: ignoring JPA class transformer
2025-08-223 09:30 com.zaxxer.hikari.HikariDataSource-HikariPool-1 - Starting...
2025-08-223 09:30 com.zaxxer.hikari.pool.HikariPool-HikariPool-1 - Added connection org.mariadb.jdbc.Connection@3b77940f
2025-08-223 09:30 com.zaxxer.hikari.HikariDataSource-HikariPool-1 - Start completed.
2025-08-223 09:30 org.hibernate.orm.deprecation-HHH90000025: MariaDBDialect does not need to be specified explicitly using 'hibernate.dialect' (remove the property setting and it will be selected by default)
2025-08-223 09:30 o.hibernate.orm.connections.pooling-HHH10001005: Database info:
	Database JDBC URL [Connecting through datasource 'HikariDataSource (HikariPool-1)']
	Database driver: undefined/unknown
	Database version: 11.8.2
	Autocommit mode: undefined/unknown
	Isolation level: undefined/unknown
	Minimum pool size: undefined/unknown
	Maximum pool size: undefined/unknown
2025-08-223 09:30 o.h.e.t.j.p.i.JtaPlatformInitiator-HHH000489: No JTA platform available (set 'hibernate.transaction.jta.platform' to enable JTA platform integration)
2025-08-223 09:30 o.s.o.j.LocalContainerEntityManagerFactoryBean-Initialized JPA EntityManagerFactory for persistence unit 'default'
2025-08-223 09:30 o.s.b.a.o.j.JpaBaseConfiguration$JpaWebConfiguration-spring.jpa.open-in-view is enabled by default. Therefore, database queries may be performed during view rendering. Explicitly configure spring.jpa.open-in-view to disable this warning
2025-08-223 09:30 o.s.b.a.s.s.UserDetailsServiceAutoConfiguration-

Using generated security password: 96ebc76b-b43a-436f-8a7b-225a845f7954

This generated password is for development use only. Your security configuration must be updated before running your application in production.

2025-08-223 09:30 o.s.s.c.a.a.c.InitializeUserDetailsBeanManagerConfigurer$InitializeUserDetailsManagerConfigurer-Global AuthenticationManager configured with UserDetailsService bean with name inMemoryUserDetailsManager
2025-08-223 09:30 o.s.s.c.a.w.c.AuthorizeHttpRequestsConfigurer$AuthorizationManagerRequestMatcherRegistry-One of the patterns in [/member/create, member/doLogin, /member/refresh-at, /product/list, /v3/api-docs/**, /swagger-ui/**, /swagger-ui.html] is missing a leading slash. This is discouraged; please include the leading slash in all your request matcher patterns. In future versions of Spring Security, leaving out the leading slash will result in an exception.
2025-08-223 09:30 o.a.coyote.http11.Http11NioProtocol-Starting ProtocolHandler ["http-nio-8080"]
2025-08-223 09:30 o.s.b.w.e.tomcat.TomcatWebServer-Tomcat started on port 8080 (http) with context path '/'
2025-08-223 09:30 o.s.a.r.c.CachingConnectionFactory-Attempting to connect to: localhost:5672
2025-08-223 09:30 o.s.a.r.c.CachingConnectionFactory-Created new connection: connectionFactory#1c8d9ac9:0/SimpleConnection@f6776e2 [delegate=amqp://guest@127.0.0.1:5672/, localPort=64578]
2025-08-223 09:30 c.b.o.OrdersystemApplication-Started OrdersystemApplication in 8.798 seconds (process running for 10.349)
2025-08-223 09:31 o.a.c.c.C.[Tomcat].[localhost].[/]-Initializing Spring DispatcherServlet 'dispatcherServlet'
2025-08-223 09:31 o.s.web.servlet.DispatcherServlet-Initializing Servlet 'dispatcherServlet'
2025-08-223 09:31 o.s.web.servlet.DispatcherServlet-Completed initialization in 0 ms
2025-08-223 09:31 c.b.o.c.s.CommonExceptionHandler-email 또는 password가 일치하지 않습니다
2025-08-223 09:45 c.b.o.c.s.CommonExceptionHandler-email 또는 password가 일치하지 않습니다
2025-08-223 10:11 c.b.o.c.s.CommonExceptionHandler-email 또는 password가 일치하지 않습니다
2025-08-223 11:42 o.s.a.r.l.SimpleMessageListenerContainer-Waiting for workers to finish.
2025-08-223 11:42 o.s.a.r.l.SimpleMessageListenerContainer-Successfully waited for workers to finish.
2025-08-223 11:42 o.s.b.w.e.tomcat.GracefulShutdown-Commencing graceful shutdown. Waiting for active requests to complete
2025-08-223 11:42 o.s.b.w.e.tomcat.GracefulShutdown-Graceful shutdown complete
2025-08-223 11:42 o.s.o.j.LocalContainerEntityManagerFactoryBean-Closing JPA EntityManagerFactory for persistence unit 'default'
2025-08-223 11:42 com.zaxxer.hikari.HikariDataSource-HikariPool-1 - Shutdown initiated...
2025-08-223 11:42 com.zaxxer.hikari.HikariDataSource-HikariPool-1 - Shutdown completed.
2025-08-223 11:42 o.h.validator.internal.util.Version-HV000001: Hibernate Validator 8.0.2.Final
2025-08-223 11:42 c.b.o.OrdersystemApplication-Starting OrdersystemApplication using Java 17.0.15 with PID 11612 (C:\Users\Playdata\Desktop\ordersystem\build\classes\java\main started by Playdata in C:\Users\Playdata\Desktop\ordersystem)
2025-08-223 11:42 c.b.o.OrdersystemApplication-The following 1 profile is active: "prod"
2025-08-223 11:42 o.s.d.r.c.RepositoryConfigurationDelegate-Multiple Spring Data modules found, entering strict repository configuration mode
2025-08-223 11:42 o.s.d.r.c.RepositoryConfigurationDelegate-Bootstrapping Spring Data JPA repositories in DEFAULT mode.
2025-08-223 11:42 o.s.d.r.c.RepositoryConfigurationDelegate-Finished Spring Data repository scanning in 126 ms. Found 4 JPA repository interfaces.
2025-08-223 11:42 o.s.d.r.c.RepositoryConfigurationDelegate-Multiple Spring Data modules found, entering strict repository configuration mode
2025-08-223 11:42 o.s.d.r.c.RepositoryConfigurationDelegate-Bootstrapping Spring Data Redis repositories in DEFAULT mode.
2025-08-223 11:43 o.s.d.r.c.RepositoryConfigurationExtensionSupport-Spring Data Redis - Could not safely identify store assignment for repository candidate interface com.beyond.ordersystem.member.repository.MemberRepository; If you want this repository to be a Redis repository, consider annotating your entities with one of these annotations: org.springframework.data.redis.core.RedisHash (preferred), or consider extending one of the following types with your repository: org.springframework.data.keyvalue.repository.KeyValueRepository
2025-08-223 11:43 o.s.d.r.c.RepositoryConfigurationExtensionSupport-Spring Data Redis - Could not safely identify store assignment for repository candidate interface com.beyond.ordersystem.ordering.repository.OrderDetailRepository; If you want this repository to be a Redis repository, consider annotating your entities with one of these annotations: org.springframework.data.redis.core.RedisHash (preferred), or consider extending one of the following types with your repository: org.springframework.data.keyvalue.repository.KeyValueRepository
2025-08-223 11:43 o.s.d.r.c.RepositoryConfigurationExtensionSupport-Spring Data Redis - Could not safely identify store assignment for repository candidate interface com.beyond.ordersystem.ordering.repository.OrderingRepository; If you want this repository to be a Redis repository, consider annotating your entities with one of these annotations: org.springframework.data.redis.core.RedisHash (preferred), or consider extending one of the following types with your repository: org.springframework.data.keyvalue.repository.KeyValueRepository
2025-08-223 11:43 o.s.d.r.c.RepositoryConfigurationExtensionSupport-Spring Data Redis - Could not safely identify store assignment for repository candidate interface com.beyond.ordersystem.product.repository.ProductRepository; If you want this repository to be a Redis repository, consider annotating your entities with one of these annotations: org.springframework.data.redis.core.RedisHash (preferred), or consider extending one of the following types with your repository: org.springframework.data.keyvalue.repository.KeyValueRepository
2025-08-223 11:43 o.s.d.r.c.RepositoryConfigurationDelegate-Finished Spring Data repository scanning in 12 ms. Found 0 Redis repository interfaces.
2025-08-223 11:43 o.m.s.mapper.ClassPathMapperScanner-No MyBatis mapper was found in '[com.beyond.ordersystem]' package. Please check your configuration.
2025-08-223 11:43 o.s.b.w.e.tomcat.TomcatWebServer-Tomcat initialized with port 8080 (http)
2025-08-223 11:43 o.a.coyote.http11.Http11NioProtocol-Initializing ProtocolHandler ["http-nio-8080"]
2025-08-223 11:43 o.a.catalina.core.StandardService-Starting service [Tomcat]
2025-08-223 11:43 o.a.catalina.core.StandardEngine-Starting Servlet engine: [Apache Tomcat/10.1.43]
2025-08-223 11:43 o.a.c.c.C.[Tomcat].[localhost].[/]-Initializing Spring embedded WebApplicationContext
2025-08-223 11:43 o.s.b.w.s.c.ServletWebServerApplicationContext-Root WebApplicationContext: initialization completed in 1738 ms
2025-08-223 11:43 o.h.jpa.internal.util.LogHelper-HHH000204: Processing PersistenceUnitInfo [name: default]
2025-08-223 11:43 org.hibernate.Version-HHH000412: Hibernate ORM core version 6.6.22.Final
2025-08-223 11:43 o.h.c.i.RegionFactoryInitiator-HHH000026: Second-level cache disabled
2025-08-223 11:43 o.s.o.j.p.SpringPersistenceUnitInfo-No LoadTimeWeaver setup: ignoring JPA class transformer
2025-08-223 11:43 com.zaxxer.hikari.HikariDataSource-HikariPool-1 - Starting...
2025-08-223 11:43 com.zaxxer.hikari.pool.HikariPool-HikariPool-1 - Added connection org.mariadb.jdbc.Connection@52035328
2025-08-223 11:43 com.zaxxer.hikari.HikariDataSource-HikariPool-1 - Start completed.
2025-08-223 11:43 org.hibernate.orm.deprecation-HHH90000025: MariaDBDialect does not need to be specified explicitly using 'hibernate.dialect' (remove the property setting and it will be selected by default)
2025-08-223 11:43 o.hibernate.orm.connections.pooling-HHH10001005: Database info:
	Database JDBC URL [Connecting through datasource 'HikariDataSource (HikariPool-1)']
	Database driver: undefined/unknown
	Database version: 11.8.2
	Autocommit mode: undefined/unknown
	Isolation level: undefined/unknown
	Minimum pool size: undefined/unknown
	Maximum pool size: undefined/unknown
2025-08-223 11:43 o.h.e.t.j.p.i.JtaPlatformInitiator-HHH000489: No JTA platform available (set 'hibernate.transaction.jta.platform' to enable JTA platform integration)
2025-08-223 11:43 o.s.o.j.LocalContainerEntityManagerFactoryBean-Initialized JPA EntityManagerFactory for persistence unit 'default'
2025-08-223 11:43 o.s.b.a.o.j.JpaBaseConfiguration$JpaWebConfiguration-spring.jpa.open-in-view is enabled by default. Therefore, database queries may be performed during view rendering. Explicitly configure spring.jpa.open-in-view to disable this warning
2025-08-223 11:43 o.s.b.a.s.s.UserDetailsServiceAutoConfiguration-

Using generated security password: 44876fdb-a190-4f7d-be4a-2526d6256ecb

This generated password is for development use only. Your security configuration must be updated before running your application in production.

2025-08-223 11:43 o.s.s.c.a.a.c.InitializeUserDetailsBeanManagerConfigurer$InitializeUserDetailsManagerConfigurer-Global AuthenticationManager configured with UserDetailsService bean with name inMemoryUserDetailsManager
2025-08-223 11:43 o.s.s.c.a.w.c.AuthorizeHttpRequestsConfigurer$AuthorizationManagerRequestMatcherRegistry-One of the patterns in [/member/create, member/doLogin, /member/refresh-at, /product/list, /v3/api-docs/**, /swagger-ui/**, /swagger-ui.html] is missing a leading slash. This is discouraged; please include the leading slash in all your request matcher patterns. In future versions of Spring Security, leaving out the leading slash will result in an exception.
2025-08-223 11:43 o.a.coyote.http11.Http11NioProtocol-Starting ProtocolHandler ["http-nio-8080"]
2025-08-223 11:43 o.s.b.w.e.tomcat.TomcatWebServer-Tomcat started on port 8080 (http) with context path '/'
2025-08-223 11:43 o.s.a.r.c.CachingConnectionFactory-Attempting to connect to: localhost:5672
2025-08-223 11:43 o.s.a.r.c.CachingConnectionFactory-Created new connection: connectionFactory#626edbe0:0/SimpleConnection@2f75c3f3 [delegate=amqp://guest@127.0.0.1:5672/, localPort=52898]
2025-08-223 11:43 c.b.o.OrdersystemApplication-Started OrdersystemApplication in 6.939 seconds (process running for 7.9)
2025-08-223 11:43 o.a.c.c.C.[Tomcat].[localhost].[/]-Initializing Spring DispatcherServlet 'dispatcherServlet'
2025-08-223 11:43 o.s.web.servlet.DispatcherServlet-Initializing Servlet 'dispatcherServlet'
2025-08-223 11:43 o.s.web.servlet.DispatcherServlet-Completed initialization in 2 ms
2025-08-223 12:33 o.s.a.r.l.SimpleMessageListenerContainer-Waiting for workers to finish.
2025-08-223 12:33 o.s.a.r.l.SimpleMessageListenerContainer-Successfully waited for workers to finish.
2025-08-223 12:33 o.s.b.w.e.tomcat.GracefulShutdown-Commencing graceful shutdown. Waiting for active requests to complete
2025-08-223 12:33 o.s.b.w.e.tomcat.GracefulShutdown-Graceful shutdown complete
2025-08-223 12:33 o.s.o.j.LocalContainerEntityManagerFactoryBean-Closing JPA EntityManagerFactory for persistence unit 'default'
2025-08-223 12:33 com.zaxxer.hikari.HikariDataSource-HikariPool-1 - Shutdown initiated...
2025-08-223 12:33 com.zaxxer.hikari.HikariDataSource-HikariPool-1 - Shutdown completed.
2025-08-223 12:33 o.h.validator.internal.util.Version-HV000001: Hibernate Validator 8.0.2.Final
2025-08-223 12:33 c.b.o.OrdersystemApplication-Starting OrdersystemApplication using Java 17.0.15 with PID 11064 (C:\Users\Playdata\Desktop\ordersystem\build\classes\java\main started by Playdata in C:\Users\Playdata\Desktop\ordersystem)
2025-08-223 12:33 c.b.o.OrdersystemApplication-The following 1 profile is active: "prod"
2025-08-223 12:33 o.s.d.r.c.RepositoryConfigurationDelegate-Multiple Spring Data modules found, entering strict repository configuration mode
2025-08-223 12:33 o.s.d.r.c.RepositoryConfigurationDelegate-Bootstrapping Spring Data JPA repositories in DEFAULT mode.
2025-08-223 12:33 o.s.d.r.c.RepositoryConfigurationDelegate-Finished Spring Data repository scanning in 129 ms. Found 4 JPA repository interfaces.
2025-08-223 12:33 o.s.d.r.c.RepositoryConfigurationDelegate-Multiple Spring Data modules found, entering strict repository configuration mode
2025-08-223 12:33 o.s.d.r.c.RepositoryConfigurationDelegate-Bootstrapping Spring Data Redis repositories in DEFAULT mode.
2025-08-223 12:33 o.s.d.r.c.RepositoryConfigurationExtensionSupport-Spring Data Redis - Could not safely identify store assignment for repository candidate interface com.beyond.ordersystem.member.repository.MemberRepository; If you want this repository to be a Redis repository, consider annotating your entities with one of these annotations: org.springframework.data.redis.core.RedisHash (preferred), or consider extending one of the following types with your repository: org.springframework.data.keyvalue.repository.KeyValueRepository
2025-08-223 12:33 o.s.d.r.c.RepositoryConfigurationExtensionSupport-Spring Data Redis - Could not safely identify store assignment for repository candidate interface com.beyond.ordersystem.ordering.repository.OrderDetailRepository; If you want this repository to be a Redis repository, consider annotating your entities with one of these annotations: org.springframework.data.redis.core.RedisHash (preferred), or consider extending one of the following types with your repository: org.springframework.data.keyvalue.repository.KeyValueRepository
2025-08-223 12:33 o.s.d.r.c.RepositoryConfigurationExtensionSupport-Spring Data Redis - Could not safely identify store assignment for repository candidate interface com.beyond.ordersystem.ordering.repository.OrderingRepository; If you want this repository to be a Redis repository, consider annotating your entities with one of these annotations: org.springframework.data.redis.core.RedisHash (preferred), or consider extending one of the following types with your repository: org.springframework.data.keyvalue.repository.KeyValueRepository
2025-08-223 12:33 o.s.d.r.c.RepositoryConfigurationExtensionSupport-Spring Data Redis - Could not safely identify store assignment for repository candidate interface com.beyond.ordersystem.product.repository.ProductRepository; If you want this repository to be a Redis repository, consider annotating your entities with one of these annotations: org.springframework.data.redis.core.RedisHash (preferred), or consider extending one of the following types with your repository: org.springframework.data.keyvalue.repository.KeyValueRepository
2025-08-223 12:33 o.s.d.r.c.RepositoryConfigurationDelegate-Finished Spring Data repository scanning in 8 ms. Found 0 Redis repository interfaces.
2025-08-223 12:33 o.m.s.mapper.ClassPathMapperScanner-No MyBatis mapper was found in '[com.beyond.ordersystem]' package. Please check your configuration.
2025-08-223 12:33 o.s.b.w.e.tomcat.TomcatWebServer-Tomcat initialized with port 8080 (http)
2025-08-223 12:33 o.a.coyote.http11.Http11NioProtocol-Initializing ProtocolHandler ["http-nio-8080"]
2025-08-223 12:33 o.a.catalina.core.StandardService-Starting service [Tomcat]
2025-08-223 12:33 o.a.catalina.core.StandardEngine-Starting Servlet engine: [Apache Tomcat/10.1.43]
2025-08-223 12:33 o.a.c.c.C.[Tomcat].[localhost].[/]-Initializing Spring embedded WebApplicationContext
2025-08-223 12:33 o.s.b.w.s.c.ServletWebServerApplicationContext-Root WebApplicationContext: initialization completed in 1724 ms
2025-08-223 12:33 o.h.jpa.internal.util.LogHelper-HHH000204: Processing PersistenceUnitInfo [name: default]
2025-08-223 12:33 org.hibernate.Version-HHH000412: Hibernate ORM core version 6.6.22.Final
2025-08-223 12:33 o.h.c.i.RegionFactoryInitiator-HHH000026: Second-level cache disabled
2025-08-223 12:33 o.s.o.j.p.SpringPersistenceUnitInfo-No LoadTimeWeaver setup: ignoring JPA class transformer
2025-08-223 12:33 com.zaxxer.hikari.HikariDataSource-HikariPool-1 - Starting...
2025-08-223 12:33 com.zaxxer.hikari.pool.HikariPool-HikariPool-1 - Added connection org.mariadb.jdbc.Connection@55b45ea1
2025-08-223 12:33 com.zaxxer.hikari.HikariDataSource-HikariPool-1 - Start completed.
2025-08-223 12:33 org.hibernate.orm.deprecation-HHH90000025: MariaDBDialect does not need to be specified explicitly using 'hibernate.dialect' (remove the property setting and it will be selected by default)
2025-08-223 12:33 o.hibernate.orm.connections.pooling-HHH10001005: Database info:
	Database JDBC URL [Connecting through datasource 'HikariDataSource (HikariPool-1)']
	Database driver: undefined/unknown
	Database version: 11.8.2
	Autocommit mode: undefined/unknown
	Isolation level: undefined/unknown
	Minimum pool size: undefined/unknown
	Maximum pool size: undefined/unknown
2025-08-223 12:33 o.h.e.t.j.p.i.JtaPlatformInitiator-HHH000489: No JTA platform available (set 'hibernate.transaction.jta.platform' to enable JTA platform integration)
2025-08-223 12:33 o.s.o.j.LocalContainerEntityManagerFactoryBean-Initialized JPA EntityManagerFactory for persistence unit 'default'
2025-08-223 12:33 o.s.b.a.o.j.JpaBaseConfiguration$JpaWebConfiguration-spring.jpa.open-in-view is enabled by default. Therefore, database queries may be performed during view rendering. Explicitly configure spring.jpa.open-in-view to disable this warning
2025-08-223 12:33 o.s.b.a.s.s.UserDetailsServiceAutoConfiguration-

Using generated security password: baeff198-9688-47f8-9bf7-e011f88b48d4

This generated password is for development use only. Your security configuration must be updated before running your application in production.

2025-08-223 12:33 o.s.s.c.a.a.c.InitializeUserDetailsBeanManagerConfigurer$InitializeUserDetailsManagerConfigurer-Global AuthenticationManager configured with UserDetailsService bean with name inMemoryUserDetailsManager
2025-08-223 12:33 o.s.s.c.a.w.c.AuthorizeHttpRequestsConfigurer$AuthorizationManagerRequestMatcherRegistry-One of the patterns in [/member/create, member/doLogin, /member/refresh-at, /product/list, /v3/api-docs/**, /swagger-ui/**, /swagger-ui.html] is missing a leading slash. This is discouraged; please include the leading slash in all your request matcher patterns. In future versions of Spring Security, leaving out the leading slash will result in an exception.
2025-08-223 12:33 o.a.coyote.http11.Http11NioProtocol-Starting ProtocolHandler ["http-nio-8080"]
2025-08-223 12:33 o.s.b.w.e.tomcat.TomcatWebServer-Tomcat started on port 8080 (http) with context path '/'
2025-08-223 12:33 o.s.a.r.c.CachingConnectionFactory-Attempting to connect to: localhost:5672
2025-08-223 12:33 o.s.a.r.c.CachingConnectionFactory-Created new connection: connectionFactory#1e5f3c4a:0/SimpleConnection@62b2885d [delegate=amqp://guest@127.0.0.1:5672/, localPort=54404]
2025-08-223 12:33 c.b.o.OrdersystemApplication-Started OrdersystemApplication in 6.198 seconds (process running for 7.011)
2025-08-223 12:33 o.a.c.c.C.[Tomcat].[localhost].[/]-Initializing Spring DispatcherServlet 'dispatcherServlet'
2025-08-223 12:33 o.s.web.servlet.DispatcherServlet-Initializing Servlet 'dispatcherServlet'
2025-08-223 12:33 o.s.web.servlet.DispatcherServlet-Completed initialization in 0 ms
2025-08-223 12:41 o.s.a.r.l.SimpleMessageListenerContainer-Waiting for workers to finish.
2025-08-223 12:41 o.s.a.r.l.SimpleMessageListenerContainer-Successfully waited for workers to finish.
2025-08-223 12:41 o.s.b.w.e.tomcat.GracefulShutdown-Commencing graceful shutdown. Waiting for active requests to complete
2025-08-223 12:41 o.s.b.w.e.tomcat.GracefulShutdown-Graceful shutdown complete
2025-08-223 12:41 o.s.o.j.LocalContainerEntityManagerFactoryBean-Closing JPA EntityManagerFactory for persistence unit 'default'
2025-08-223 12:41 com.zaxxer.hikari.HikariDataSource-HikariPool-1 - Shutdown initiated...
2025-08-223 12:41 com.zaxxer.hikari.HikariDataSource-HikariPool-1 - Shutdown completed.
2025-08-223 12:41 o.h.validator.internal.util.Version-HV000001: Hibernate Validator 8.0.2.Final
2025-08-223 12:41 c.b.o.OrdersystemApplication-Starting OrdersystemApplication using Java 17.0.15 with PID 16064 (C:\Users\Playdata\Desktop\ordersystem\build\classes\java\main started by Playdata in C:\Users\Playdata\Desktop\ordersystem)
2025-08-223 12:41 c.b.o.OrdersystemApplication-The following 1 profile is active: "prod"
2025-08-223 12:41 o.s.d.r.c.RepositoryConfigurationDelegate-Multiple Spring Data modules found, entering strict repository configuration mode
2025-08-223 12:41 o.s.d.r.c.RepositoryConfigurationDelegate-Bootstrapping Spring Data JPA repositories in DEFAULT mode.
2025-08-223 12:41 o.s.d.r.c.RepositoryConfigurationDelegate-Finished Spring Data repository scanning in 123 ms. Found 4 JPA repository interfaces.
2025-08-223 12:41 o.s.d.r.c.RepositoryConfigurationDelegate-Multiple Spring Data modules found, entering strict repository configuration mode
2025-08-223 12:41 o.s.d.r.c.RepositoryConfigurationDelegate-Bootstrapping Spring Data Redis repositories in DEFAULT mode.
2025-08-223 12:41 o.s.d.r.c.RepositoryConfigurationExtensionSupport-Spring Data Redis - Could not safely identify store assignment for repository candidate interface com.beyond.ordersystem.member.repository.MemberRepository; If you want this repository to be a Redis repository, consider annotating your entities with one of these annotations: org.springframework.data.redis.core.RedisHash (preferred), or consider extending one of the following types with your repository: org.springframework.data.keyvalue.repository.KeyValueRepository
2025-08-223 12:41 o.s.d.r.c.RepositoryConfigurationExtensionSupport-Spring Data Redis - Could not safely identify store assignment for repository candidate interface com.beyond.ordersystem.ordering.repository.OrderDetailRepository; If you want this repository to be a Redis repository, consider annotating your entities with one of these annotations: org.springframework.data.redis.core.RedisHash (preferred), or consider extending one of the following types with your repository: org.springframework.data.keyvalue.repository.KeyValueRepository
2025-08-223 12:41 o.s.d.r.c.RepositoryConfigurationExtensionSupport-Spring Data Redis - Could not safely identify store assignment for repository candidate interface com.beyond.ordersystem.ordering.repository.OrderingRepository; If you want this repository to be a Redis repository, consider annotating your entities with one of these annotations: org.springframework.data.redis.core.RedisHash (preferred), or consider extending one of the following types with your repository: org.springframework.data.keyvalue.repository.KeyValueRepository
2025-08-223 12:41 o.s.d.r.c.RepositoryConfigurationExtensionSupport-Spring Data Redis - Could not safely identify store assignment for repository candidate interface com.beyond.ordersystem.product.repository.ProductRepository; If you want this repository to be a Redis repository, consider annotating your entities with one of these annotations: org.springframework.data.redis.core.RedisHash (preferred), or consider extending one of the following types with your repository: org.springframework.data.keyvalue.repository.KeyValueRepository
2025-08-223 12:41 o.s.d.r.c.RepositoryConfigurationDelegate-Finished Spring Data repository scanning in 8 ms. Found 0 Redis repository interfaces.
2025-08-223 12:41 o.m.s.mapper.ClassPathMapperScanner-No MyBatis mapper was found in '[com.beyond.ordersystem]' package. Please check your configuration.
2025-08-223 12:41 o.s.b.w.e.tomcat.TomcatWebServer-Tomcat initialized with port 8080 (http)
2025-08-223 12:41 o.a.coyote.http11.Http11NioProtocol-Initializing ProtocolHandler ["http-nio-8080"]
2025-08-223 12:41 o.a.catalina.core.StandardService-Starting service [Tomcat]
2025-08-223 12:41 o.a.catalina.core.StandardEngine-Starting Servlet engine: [Apache Tomcat/10.1.43]
2025-08-223 12:41 o.a.c.c.C.[Tomcat].[localhost].[/]-Initializing Spring embedded WebApplicationContext
2025-08-223 12:41 o.s.b.w.s.c.ServletWebServerApplicationContext-Root WebApplicationContext: initialization completed in 1786 ms
2025-08-223 12:41 o.h.jpa.internal.util.LogHelper-HHH000204: Processing PersistenceUnitInfo [name: default]
2025-08-223 12:41 org.hibernate.Version-HHH000412: Hibernate ORM core version 6.6.22.Final
2025-08-223 12:41 o.h.c.i.RegionFactoryInitiator-HHH000026: Second-level cache disabled
2025-08-223 12:41 o.s.o.j.p.SpringPersistenceUnitInfo-No LoadTimeWeaver setup: ignoring JPA class transformer
2025-08-223 12:41 com.zaxxer.hikari.HikariDataSource-HikariPool-1 - Starting...
2025-08-223 12:41 com.zaxxer.hikari.pool.HikariPool-HikariPool-1 - Added connection org.mariadb.jdbc.Connection@5614ae05
2025-08-223 12:41 com.zaxxer.hikari.HikariDataSource-HikariPool-1 - Start completed.
2025-08-223 12:41 org.hibernate.orm.deprecation-HHH90000025: MariaDBDialect does not need to be specified explicitly using 'hibernate.dialect' (remove the property setting and it will be selected by default)
2025-08-223 12:41 o.hibernate.orm.connections.pooling-HHH10001005: Database info:
	Database JDBC URL [Connecting through datasource 'HikariDataSource (HikariPool-1)']
	Database driver: undefined/unknown
	Database version: 11.8.2
	Autocommit mode: undefined/unknown
	Isolation level: undefined/unknown
	Minimum pool size: undefined/unknown
	Maximum pool size: undefined/unknown
2025-08-223 12:41 o.h.e.t.j.p.i.JtaPlatformInitiator-HHH000489: No JTA platform available (set 'hibernate.transaction.jta.platform' to enable JTA platform integration)
2025-08-223 12:41 o.s.o.j.LocalContainerEntityManagerFactoryBean-Initialized JPA EntityManagerFactory for persistence unit 'default'
2025-08-223 12:41 o.s.b.a.o.j.JpaBaseConfiguration$JpaWebConfiguration-spring.jpa.open-in-view is enabled by default. Therefore, database queries may be performed during view rendering. Explicitly configure spring.jpa.open-in-view to disable this warning
2025-08-223 12:41 o.s.b.a.s.s.UserDetailsServiceAutoConfiguration-

Using generated security password: 28aa281d-d532-4a92-85ec-800adf940268

This generated password is for development use only. Your security configuration must be updated before running your application in production.

2025-08-223 12:41 o.s.s.c.a.a.c.InitializeUserDetailsBeanManagerConfigurer$InitializeUserDetailsManagerConfigurer-Global AuthenticationManager configured with UserDetailsService bean with name inMemoryUserDetailsManager
2025-08-223 12:41 o.s.s.c.a.w.c.AuthorizeHttpRequestsConfigurer$AuthorizationManagerRequestMatcherRegistry-One of the patterns in [/member/create, member/doLogin, /member/refresh-at, /product/list, /v3/api-docs/**, /swagger-ui/**, /swagger-ui.html] is missing a leading slash. This is discouraged; please include the leading slash in all your request matcher patterns. In future versions of Spring Security, leaving out the leading slash will result in an exception.
2025-08-223 12:41 o.a.coyote.http11.Http11NioProtocol-Starting ProtocolHandler ["http-nio-8080"]
2025-08-223 12:41 o.s.b.w.e.tomcat.TomcatWebServer-Tomcat started on port 8080 (http) with context path '/'
2025-08-223 12:41 o.s.a.r.c.CachingConnectionFactory-Attempting to connect to: localhost:5672
2025-08-223 12:41 o.s.a.r.c.CachingConnectionFactory-Created new connection: connectionFactory#213a2fe3:0/SimpleConnection@1135efad [delegate=amqp://guest@127.0.0.1:5672/, localPort=54728]
2025-08-223 12:41 c.b.o.OrdersystemApplication-Started OrdersystemApplication in 6.813 seconds (process running for 7.76)
2025-08-223 12:42 o.a.c.c.C.[Tomcat].[localhost].[/]-Initializing Spring DispatcherServlet 'dispatcherServlet'
2025-08-223 12:42 o.s.web.servlet.DispatcherServlet-Initializing Servlet 'dispatcherServlet'
2025-08-223 12:42 o.s.web.servlet.DispatcherServlet-Completed initialization in 0 ms
2025-08-223 12:45 c.b.o.common.auth.JwtTokenFilter-JWT expired at 2025-08-11T03:44:35Z. Current time: 2025-08-11T03:45:10Z, a difference of 35753 milliseconds.  Allowed clock skew: 0 milliseconds.
2025-08-223 12:45 c.b.o.c.a.JwtAuthenticationHandler-Full authentication is required to access this resource
2025-08-223 12:45 c.b.o.common.auth.JwtTokenFilter-JWT expired at 2025-08-11T03:44:35Z. Current time: 2025-08-11T03:45:10Z, a difference of 35824 milliseconds.  Allowed clock skew: 0 milliseconds.
2025-08-223 12:45 c.b.o.common.auth.JwtTokenFilter-JWT expired at 2025-08-11T03:44:35Z. Current time: 2025-08-11T03:45:10Z, a difference of 35826 milliseconds.  Allowed clock skew: 0 milliseconds.
2025-08-223 12:48 c.b.o.common.auth.JwtTokenFilter-JWT expired at 2025-08-11T03:48:01Z. Current time: 2025-08-11T03:48:19Z, a difference of 18756 milliseconds.  Allowed clock skew: 0 milliseconds.
2025-08-223 12:48 c.b.o.c.a.JwtAuthenticationHandler-Full authentication is required to access this resource
2025-08-223 12:48 c.b.o.common.auth.JwtTokenFilter-JWT expired at 2025-08-11T03:48:01Z. Current time: 2025-08-11T03:48:19Z, a difference of 18814 milliseconds.  Allowed clock skew: 0 milliseconds.
2025-08-223 12:48 c.b.o.common.auth.JwtTokenFilter-JWT expired at 2025-08-11T03:48:01Z. Current time: 2025-08-11T03:48:19Z, a difference of 18817 milliseconds.  Allowed clock skew: 0 milliseconds.
2025-08-223 12:49 c.b.o.common.auth.JwtTokenFilter-JWT expired at 2025-08-11T03:49:19Z. Current time: 2025-08-11T03:49:21Z, a difference of 2039 milliseconds.  Allowed clock skew: 0 milliseconds.
2025-08-223 12:49 c.b.o.c.a.JwtAuthenticationHandler-Full authentication is required to access this resource
2025-08-223 12:49 c.b.o.common.auth.JwtTokenFilter-JWT expired at 2025-08-11T03:49:19Z. Current time: 2025-08-11T03:49:21Z, a difference of 2048 milliseconds.  Allowed clock skew: 0 milliseconds.
2025-08-223 12:49 c.b.o.common.auth.JwtTokenFilter-JWT expired at 2025-08-11T03:49:19Z. Current time: 2025-08-11T03:49:21Z, a difference of 2051 milliseconds.  Allowed clock skew: 0 milliseconds.
2025-08-223 12:50 c.b.o.common.auth.JwtTokenFilter-JWT expired at 2025-08-11T03:50:21Z. Current time: 2025-08-11T03:50:50Z, a difference of 29421 milliseconds.  Allowed clock skew: 0 milliseconds.
2025-08-223 12:50 c.b.o.c.a.JwtAuthenticationHandler-Full authentication is required to access this resource
2025-08-223 12:50 c.b.o.common.auth.JwtTokenFilter-JWT expired at 2025-08-11T03:50:21Z. Current time: 2025-08-11T03:50:50Z, a difference of 29477 milliseconds.  Allowed clock skew: 0 milliseconds.
2025-08-223 12:50 c.b.o.common.auth.JwtTokenFilter-JWT expired at 2025-08-11T03:50:21Z. Current time: 2025-08-11T03:50:50Z, a difference of 29479 milliseconds.  Allowed clock skew: 0 milliseconds.
2025-08-223 12:51 c.b.o.c.a.JwtAuthenticationHandler-Full authentication is required to access this resource
2025-08-223 12:52 c.b.o.c.a.JwtAuthenticationHandler-Full authentication is required to access this resource
2025-08-223 12:52 c.b.o.c.a.JwtAuthenticationHandler-Full authentication is required to access this resource
2025-08-223 13:14 com.zaxxer.hikari.pool.HikariPool-HikariPool-1 - Thread starvation or clock leap detected (housekeeper delta=7m11s687ms648µs600ns).
2025-08-223 13:17 com.zaxxer.hikari.pool.HikariPool-HikariPool-1 - Thread starvation or clock leap detected (housekeeper delta=2m21s738ms926µs300ns).
2025-08-223 14:01 c.b.o.common.auth.JwtTokenFilter-JWT expired at 2025-08-11T03:53:25Z. Current time: 2025-08-11T05:01:10Z, a difference of 4065352 milliseconds.  Allowed clock skew: 0 milliseconds.
2025-08-223 14:01 c.b.o.c.a.JwtAuthenticationHandler-Full authentication is required to access this resource
2025-08-223 14:01 c.b.o.common.auth.JwtTokenFilter-JWT expired at 2025-08-11T03:53:25Z. Current time: 2025-08-11T05:01:10Z, a difference of 4065371 milliseconds.  Allowed clock skew: 0 milliseconds.
2025-08-223 14:01 c.b.o.common.auth.JwtTokenFilter-JWT expired at 2025-08-11T03:53:25Z. Current time: 2025-08-11T05:01:10Z, a difference of 4065373 milliseconds.  Allowed clock skew: 0 milliseconds.
2025-08-223 14:03 c.b.o.common.auth.JwtTokenFilter-JWT expired at 2025-08-11T05:02:53Z. Current time: 2025-08-11T05:03:14Z, a difference of 21255 milliseconds.  Allowed clock skew: 0 milliseconds.
2025-08-223 14:03 c.b.o.c.a.JwtAuthenticationHandler-Full authentication is required to access this resource
2025-08-223 14:03 c.b.o.common.auth.JwtTokenFilter-JWT expired at 2025-08-11T05:02:53Z. Current time: 2025-08-11T05:03:14Z, a difference of 21316 milliseconds.  Allowed clock skew: 0 milliseconds.
2025-08-223 14:03 c.b.o.common.auth.JwtTokenFilter-JWT expired at 2025-08-11T05:02:53Z. Current time: 2025-08-11T05:03:14Z, a difference of 21320 milliseconds.  Allowed clock skew: 0 milliseconds.
2025-08-223 14:08 c.b.o.common.auth.JwtTokenFilter-JWT expired at 2025-08-11T05:04:14Z. Current time: 2025-08-11T05:08:19Z, a difference of 245753 milliseconds.  Allowed clock skew: 0 milliseconds.
2025-08-223 14:08 c.b.o.c.a.JwtAuthenticationHandler-Full authentication is required to access this resource
2025-08-223 14:08 c.b.o.common.auth.JwtTokenFilter-JWT expired at 2025-08-11T05:04:14Z. Current time: 2025-08-11T05:08:19Z, a difference of 245822 milliseconds.  Allowed clock skew: 0 milliseconds.
2025-08-223 14:08 c.b.o.common.auth.JwtTokenFilter-JWT expired at 2025-08-11T05:04:14Z. Current time: 2025-08-11T05:08:19Z, a difference of 245825 milliseconds.  Allowed clock skew: 0 milliseconds.
2025-08-223 14:13 o.s.a.r.l.SimpleMessageListenerContainer-Waiting for workers to finish.
2025-08-223 14:13 o.s.a.r.l.SimpleMessageListenerContainer-Successfully waited for workers to finish.
2025-08-223 14:13 o.s.b.w.e.tomcat.GracefulShutdown-Commencing graceful shutdown. Waiting for active requests to complete
2025-08-223 14:13 o.s.b.w.e.tomcat.GracefulShutdown-Graceful shutdown complete
2025-08-223 14:13 o.s.o.j.LocalContainerEntityManagerFactoryBean-Closing JPA EntityManagerFactory for persistence unit 'default'
2025-08-223 14:13 com.zaxxer.hikari.HikariDataSource-HikariPool-1 - Shutdown initiated...
2025-08-223 14:13 com.zaxxer.hikari.HikariDataSource-HikariPool-1 - Shutdown completed.
2025-08-223 14:13 o.h.validator.internal.util.Version-HV000001: Hibernate Validator 8.0.2.Final
2025-08-223 14:13 c.b.o.OrdersystemApplication-Starting OrdersystemApplication using Java 17.0.15 with PID 13732 (C:\Users\Playdata\Desktop\ordersystem\build\classes\java\main started by Playdata in C:\Users\Playdata\Desktop\ordersystem)
2025-08-223 14:13 c.b.o.OrdersystemApplication-The following 1 profile is active: "prod"
2025-08-223 14:13 o.s.d.r.c.RepositoryConfigurationDelegate-Multiple Spring Data modules found, entering strict repository configuration mode
2025-08-223 14:13 o.s.d.r.c.RepositoryConfigurationDelegate-Bootstrapping Spring Data JPA repositories in DEFAULT mode.
2025-08-223 14:13 o.s.d.r.c.RepositoryConfigurationDelegate-Finished Spring Data repository scanning in 120 ms. Found 4 JPA repository interfaces.
2025-08-223 14:13 o.s.d.r.c.RepositoryConfigurationDelegate-Multiple Spring Data modules found, entering strict repository configuration mode
2025-08-223 14:13 o.s.d.r.c.RepositoryConfigurationDelegate-Bootstrapping Spring Data Redis repositories in DEFAULT mode.
2025-08-223 14:13 o.s.d.r.c.RepositoryConfigurationExtensionSupport-Spring Data Redis - Could not safely identify store assignment for repository candidate interface com.beyond.ordersystem.member.repository.MemberRepository; If you want this repository to be a Redis repository, consider annotating your entities with one of these annotations: org.springframework.data.redis.core.RedisHash (preferred), or consider extending one of the following types with your repository: org.springframework.data.keyvalue.repository.KeyValueRepository
2025-08-223 14:13 o.s.d.r.c.RepositoryConfigurationExtensionSupport-Spring Data Redis - Could not safely identify store assignment for repository candidate interface com.beyond.ordersystem.ordering.repository.OrderDetailRepository; If you want this repository to be a Redis repository, consider annotating your entities with one of these annotations: org.springframework.data.redis.core.RedisHash (preferred), or consider extending one of the following types with your repository: org.springframework.data.keyvalue.repository.KeyValueRepository
2025-08-223 14:13 o.s.d.r.c.RepositoryConfigurationExtensionSupport-Spring Data Redis - Could not safely identify store assignment for repository candidate interface com.beyond.ordersystem.ordering.repository.OrderingRepository; If you want this repository to be a Redis repository, consider annotating your entities with one of these annotations: org.springframework.data.redis.core.RedisHash (preferred), or consider extending one of the following types with your repository: org.springframework.data.keyvalue.repository.KeyValueRepository
2025-08-223 14:13 o.s.d.r.c.RepositoryConfigurationExtensionSupport-Spring Data Redis - Could not safely identify store assignment for repository candidate interface com.beyond.ordersystem.product.repository.ProductRepository; If you want this repository to be a Redis repository, consider annotating your entities with one of these annotations: org.springframework.data.redis.core.RedisHash (preferred), or consider extending one of the following types with your repository: org.springframework.data.keyvalue.repository.KeyValueRepository
2025-08-223 14:13 o.s.d.r.c.RepositoryConfigurationDelegate-Finished Spring Data repository scanning in 7 ms. Found 0 Redis repository interfaces.
2025-08-223 14:13 o.m.s.mapper.ClassPathMapperScanner-No MyBatis mapper was found in '[com.beyond.ordersystem]' package. Please check your configuration.
2025-08-223 14:13 o.s.b.w.e.tomcat.TomcatWebServer-Tomcat initialized with port 8080 (http)
2025-08-223 14:13 o.a.coyote.http11.Http11NioProtocol-Initializing ProtocolHandler ["http-nio-8080"]
2025-08-223 14:13 o.a.catalina.core.StandardService-Starting service [Tomcat]
2025-08-223 14:13 o.a.catalina.core.StandardEngine-Starting Servlet engine: [Apache Tomcat/10.1.43]
2025-08-223 14:13 o.a.c.c.C.[Tomcat].[localhost].[/]-Initializing Spring embedded WebApplicationContext
2025-08-223 14:13 o.s.b.w.s.c.ServletWebServerApplicationContext-Root WebApplicationContext: initialization completed in 2077 ms
2025-08-223 14:13 o.h.jpa.internal.util.LogHelper-HHH000204: Processing PersistenceUnitInfo [name: default]
2025-08-223 14:13 org.hibernate.Version-HHH000412: Hibernate ORM core version 6.6.22.Final
2025-08-223 14:13 o.h.c.i.RegionFactoryInitiator-HHH000026: Second-level cache disabled
2025-08-223 14:13 o.s.o.j.p.SpringPersistenceUnitInfo-No LoadTimeWeaver setup: ignoring JPA class transformer
2025-08-223 14:13 com.zaxxer.hikari.HikariDataSource-HikariPool-1 - Starting...
2025-08-223 14:13 com.zaxxer.hikari.pool.HikariPool-HikariPool-1 - Added connection org.mariadb.jdbc.Connection@45f95ac0
2025-08-223 14:13 com.zaxxer.hikari.HikariDataSource-HikariPool-1 - Start completed.
2025-08-223 14:13 org.hibernate.orm.deprecation-HHH90000025: MariaDBDialect does not need to be specified explicitly using 'hibernate.dialect' (remove the property setting and it will be selected by default)
2025-08-223 14:13 o.hibernate.orm.connections.pooling-HHH10001005: Database info:
	Database JDBC URL [Connecting through datasource 'HikariDataSource (HikariPool-1)']
	Database driver: undefined/unknown
	Database version: 11.8.2
	Autocommit mode: undefined/unknown
	Isolation level: undefined/unknown
	Minimum pool size: undefined/unknown
	Maximum pool size: undefined/unknown
2025-08-223 14:13 o.h.e.t.j.p.i.JtaPlatformInitiator-HHH000489: No JTA platform available (set 'hibernate.transaction.jta.platform' to enable JTA platform integration)
2025-08-223 14:13 o.s.o.j.LocalContainerEntityManagerFactoryBean-Initialized JPA EntityManagerFactory for persistence unit 'default'
2025-08-223 14:13 o.s.b.a.o.j.JpaBaseConfiguration$JpaWebConfiguration-spring.jpa.open-in-view is enabled by default. Therefore, database queries may be performed during view rendering. Explicitly configure spring.jpa.open-in-view to disable this warning
2025-08-223 14:13 o.s.b.a.s.s.UserDetailsServiceAutoConfiguration-

Using generated security password: 43940263-97c8-4b17-99e2-2cd2cc4dcf51

This generated password is for development use only. Your security configuration must be updated before running your application in production.

2025-08-223 14:13 o.s.s.c.a.a.c.InitializeUserDetailsBeanManagerConfigurer$InitializeUserDetailsManagerConfigurer-Global AuthenticationManager configured with UserDetailsService bean with name inMemoryUserDetailsManager
2025-08-223 14:13 o.s.s.c.a.w.c.AuthorizeHttpRequestsConfigurer$AuthorizationManagerRequestMatcherRegistry-One of the patterns in [/member/create, member/doLogin, /member/refresh-at, /product/list, /v3/api-docs/**, /swagger-ui/**, /swagger-ui.html] is missing a leading slash. This is discouraged; please include the leading slash in all your request matcher patterns. In future versions of Spring Security, leaving out the leading slash will result in an exception.
2025-08-223 14:13 o.a.coyote.http11.Http11NioProtocol-Starting ProtocolHandler ["http-nio-8080"]
2025-08-223 14:13 o.s.b.w.e.tomcat.TomcatWebServer-Tomcat started on port 8080 (http) with context path '/'
2025-08-223 14:13 o.s.a.r.c.CachingConnectionFactory-Attempting to connect to: localhost:5672
2025-08-223 14:13 o.s.a.r.c.CachingConnectionFactory-Created new connection: connectionFactory#1c8d9ac9:0/SimpleConnection@2e1437aa [delegate=amqp://guest@127.0.0.1:5672/, localPort=58172]
2025-08-223 14:13 c.b.o.OrdersystemApplication-Started OrdersystemApplication in 6.946 seconds (process running for 7.853)
2025-08-223 14:16 o.a.c.c.C.[Tomcat].[localhost].[/]-Initializing Spring DispatcherServlet 'dispatcherServlet'
2025-08-223 14:16 o.s.web.servlet.DispatcherServlet-Initializing Servlet 'dispatcherServlet'
2025-08-223 14:16 o.s.web.servlet.DispatcherServlet-Completed initialization in 1 ms
2025-08-223 16:21 c.b.o.c.s.CommonExceptionHandler-email 또는 password가 일치하지 않습니다
2025-08-223 17:28 o.s.a.r.l.SimpleMessageListenerContainer-Waiting for workers to finish.
2025-08-223 17:28 o.s.a.r.l.SimpleMessageListenerContainer-Successfully waited for workers to finish.
2025-08-223 17:28 o.s.b.w.e.tomcat.GracefulShutdown-Commencing graceful shutdown. Waiting for active requests to complete
2025-08-223 17:28 o.s.b.w.e.tomcat.GracefulShutdown-Graceful shutdown complete
2025-08-223 17:28 o.s.o.j.LocalContainerEntityManagerFactoryBean-Closing JPA EntityManagerFactory for persistence unit 'default'
2025-08-223 17:28 com.zaxxer.hikari.HikariDataSource-HikariPool-1 - Shutdown initiated...
2025-08-223 17:28 com.zaxxer.hikari.HikariDataSource-HikariPool-1 - Shutdown completed.
